{"C:\\Users\\Bradley\\Projects\\Bedrock.js\\src\\Client.ts": {"path":"C:\\Users\\Bradley\\Projects\\Bedrock.js\\src\\Client.ts","statementMap":{"0":{"start":{"line":2,"column":0},"end":{"line":2,"column":37}},"1":{"start":{"line":3,"column":0},"end":{"line":3,"column":65}},"2":{"start":{"line":4,"column":0},"end":{"line":4,"column":81}},"3":{"start":{"line":5,"column":0},"end":{"line":5,"column":47}},"4":{"start":{"line":6,"column":0},"end":{"line":6,"column":67}},"5":{"start":{"line":7,"column":0},"end":{"line":7,"column":37}},"6":{"start":{"line":8,"column":0},"end":{"line":8,"column":47}},"7":{"start":{"line":10,"column":0},"end":{"line":10,"column":46}},"8":{"start":{"line":11,"column":0},"end":{"line":11,"column":34}},"9":{"start":{"line":15,"column":9},"end":{"line":15,"column":33}},"10":{"start":{"line":20,"column":9},"end":{"line":20,"column":33}},"11":{"start":{"line":21,"column":9},"end":{"line":21,"column":35}},"12":{"start":{"line":22,"column":9},"end":{"line":22,"column":39}},"13":{"start":{"line":23,"column":9},"end":{"line":23,"column":28}},"14":{"start":{"line":25,"column":9},"end":{"line":25,"column":36}},"15":{"start":{"line":27,"column":9},"end":{"line":27,"column":34}},"16":{"start":{"line":28,"column":9},"end":{"line":28,"column":34}},"17":{"start":{"line":30,"column":9},"end":{"line":30,"column":39}},"18":{"start":{"line":31,"column":9},"end":{"line":31,"column":47}},"19":{"start":{"line":33,"column":9},"end":{"line":33,"column":57}},"20":{"start":{"line":42,"column":4},"end":{"line":42,"column":26}},"21":{"start":{"line":43,"column":4},"end":{"line":43,"column":26}},"22":{"start":{"line":44,"column":4},"end":{"line":44,"column":24}},"23":{"start":{"line":46,"column":4},"end":{"line":46,"column":39}},"24":{"start":{"line":48,"column":4},"end":{"line":48,"column":38}},"25":{"start":{"line":50,"column":4},"end":{"line":52,"column":11}},"26":{"start":{"line":51,"column":6},"end":{"line":51,"column":17}},"27":{"start":{"line":56,"column":4},"end":{"line":56,"column":34}},"28":{"start":{"line":58,"column":4},"end":{"line":58,"column":90}},"29":{"start":{"line":62,"column":20},"end":{"line":62,"column":36}},"30":{"start":{"line":64,"column":17},"end":{"line":64,"column":66}},"31":{"start":{"line":66,"column":4},"end":{"line":75,"column":5}},"32":{"start":{"line":67,"column":20},"end":{"line":67,"column":83}},"33":{"start":{"line":67,"column":53},"end":{"line":67,"column":82}},"34":{"start":{"line":68,"column":6},"end":{"line":68,"column":57}},"35":{"start":{"line":68,"column":23},"end":{"line":68,"column":57}},"36":{"start":{"line":70,"column":6},"end":{"line":74,"column":7}},"37":{"start":{"line":71,"column":8},"end":{"line":73,"column":9}},"38":{"start":{"line":72,"column":10},"end":{"line":72,"column":35}},"39":{"start":{"line":77,"column":4},"end":{"line":77,"column":51}},"40":{"start":{"line":79,"column":4},"end":{"line":81,"column":5}},"41":{"start":{"line":80,"column":6},"end":{"line":80,"column":55}},"42":{"start":{"line":83,"column":4},"end":{"line":83,"column":56}},"43":{"start":{"line":83,"column":30},"end":{"line":83,"column":55}},"44":{"start":{"line":87,"column":4},"end":{"line":87,"column":89}},"45":{"start":{"line":87,"column":45},"end":{"line":87,"column":89}},"46":{"start":{"line":89,"column":4},"end":{"line":96,"column":5}},"47":{"start":{"line":90,"column":6},"end":{"line":95,"column":8}},"48":{"start":{"line":91,"column":19},"end":{"line":91,"column":45}},"49":{"start":{"line":92,"column":8},"end":{"line":94,"column":9}},"50":{"start":{"line":93,"column":10},"end":{"line":93,"column":39}},"51":{"start":{"line":98,"column":4},"end":{"line":106,"column":5}},"52":{"start":{"line":99,"column":6},"end":{"line":105,"column":8}},"53":{"start":{"line":100,"column":19},"end":{"line":100,"column":45}},"54":{"start":{"line":101,"column":8},"end":{"line":104,"column":9}},"55":{"start":{"line":102,"column":10},"end":{"line":102,"column":37}},"56":{"start":{"line":103,"column":10},"end":{"line":103,"column":39}},"57":{"start":{"line":110,"column":4},"end":{"line":113,"column":5}},"58":{"start":{"line":111,"column":6},"end":{"line":111,"column":60}},"59":{"start":{"line":112,"column":6},"end":{"line":112,"column":28}},"60":{"start":{"line":115,"column":4},"end":{"line":118,"column":5}},"61":{"start":{"line":116,"column":6},"end":{"line":116,"column":60}},"62":{"start":{"line":117,"column":6},"end":{"line":117,"column":28}},"63":{"start":{"line":120,"column":4},"end":{"line":132,"column":5}},"64":{"start":{"line":121,"column":20},"end":{"line":121,"column":22}},"65":{"start":{"line":122,"column":14},"end":{"line":122,"column":15}},"66":{"start":{"line":123,"column":6},"end":{"line":131,"column":8}},"67":{"start":{"line":124,"column":8},"end":{"line":124,"column":28}},"68":{"start":{"line":124,"column":22},"end":{"line":124,"column":28}},"69":{"start":{"line":126,"column":8},"end":{"line":126,"column":65}},"70":{"start":{"line":127,"column":8},"end":{"line":127,"column":57}},"71":{"start":{"line":128,"column":8},"end":{"line":128,"column":43}},"72":{"start":{"line":130,"column":8},"end":{"line":130,"column":11}},"73":{"start":{"line":134,"column":4},"end":{"line":136,"column":5}},"74":{"start":{"line":135,"column":6},"end":{"line":135,"column":28}},"75":{"start":{"line":140,"column":4},"end":{"line":142,"column":5}},"76":{"start":{"line":141,"column":6},"end":{"line":141,"column":47}},"77":{"start":{"line":144,"column":4},"end":{"line":146,"column":5}},"78":{"start":{"line":145,"column":6},"end":{"line":145,"column":66}},"79":{"start":{"line":148,"column":20},"end":{"line":148,"column":37}},"80":{"start":{"line":150,"column":4},"end":{"line":182,"column":5}},"81":{"start":{"line":151,"column":22},"end":{"line":151,"column":44}},"82":{"start":{"line":152,"column":23},"end":{"line":152,"column":24}},"83":{"start":{"line":153,"column":25},"end":{"line":153,"column":71}},"84":{"start":{"line":155,"column":6},"end":{"line":179,"column":7}},"85":{"start":{"line":156,"column":23},"end":{"line":159,"column":10}},"86":{"start":{"line":160,"column":19},"end":{"line":160,"column":43}},"87":{"start":{"line":161,"column":8},"end":{"line":161,"column":28}},"88":{"start":{"line":162,"column":8},"end":{"line":162,"column":26}},"89":{"start":{"line":163,"column":8},"end":{"line":163,"column":34}},"90":{"start":{"line":164,"column":8},"end":{"line":164,"column":43}},"91":{"start":{"line":165,"column":8},"end":{"line":165,"column":34}},"92":{"start":{"line":166,"column":8},"end":{"line":166,"column":28}},"93":{"start":{"line":168,"column":8},"end":{"line":172,"column":9}},"94":{"start":{"line":169,"column":10},"end":{"line":169,"column":47}},"95":{"start":{"line":171,"column":10},"end":{"line":171,"column":47}},"96":{"start":{"line":174,"column":8},"end":{"line":174,"column":45}},"97":{"start":{"line":175,"column":8},"end":{"line":175,"column":41}},"98":{"start":{"line":177,"column":8},"end":{"line":177,"column":38}},"99":{"start":{"line":178,"column":8},"end":{"line":178,"column":20}},"100":{"start":{"line":181,"column":6},"end":{"line":181,"column":40}},"101":{"start":{"line":186,"column":19},"end":{"line":186,"column":50}},"102":{"start":{"line":187,"column":4},"end":{"line":189,"column":5}},"103":{"start":{"line":188,"column":6},"end":{"line":188,"column":28}},"104":{"start":{"line":191,"column":4},"end":{"line":193,"column":5}},"105":{"start":{"line":192,"column":6},"end":{"line":192,"column":60}},"106":{"start":{"line":195,"column":4},"end":{"line":195,"column":41}},"107":{"start":{"line":197,"column":4},"end":{"line":199,"column":5}},"108":{"start":{"line":198,"column":6},"end":{"line":198,"column":28}},"109":{"start":{"line":203,"column":4},"end":{"line":203,"column":37}},"110":{"start":{"line":204,"column":4},"end":{"line":204,"column":61}},"111":{"start":{"line":205,"column":4},"end":{"line":205,"column":33}},"112":{"start":{"line":209,"column":4},"end":{"line":219,"column":5}},"113":{"start":{"line":211,"column":8},"end":{"line":211,"column":44}},"114":{"start":{"line":212,"column":8},"end":{"line":212,"column":13}},"115":{"start":{"line":214,"column":8},"end":{"line":214,"column":46}},"116":{"start":{"line":215,"column":8},"end":{"line":215,"column":13}},"117":{"start":{"line":217,"column":8},"end":{"line":217,"column":77}},"118":{"start":{"line":218,"column":8},"end":{"line":218,"column":52}},"119":{"start":{"line":223,"column":20},"end":{"line":223,"column":62}},"120":{"start":{"line":225,"column":4},"end":{"line":225,"column":30}},"121":{"start":{"line":227,"column":18},"end":{"line":227,"column":106}},"122":{"start":{"line":228,"column":4},"end":{"line":228,"column":26}},"123":{"start":{"line":13,"column":0},"end":{"line":231,"column":1}}},"fnMap":{"0":{"name":"(anonymous_1)","decl":{"start":{"line":41,"column":2},"end":{"line":41,"column":13}},"loc":{"start":{"line":41,"column":63},"end":{"line":53,"column":3}}},"1":{"name":"(anonymous_2)","decl":{"start":{"line":50,"column":36},"end":{"line":50,"column":38}},"loc":{"start":{"line":50,"column":41},"end":{"line":52,"column":5}}},"2":{"name":"(anonymous_3)","decl":{"start":{"line":55,"column":9},"end":{"line":55,"column":18}},"loc":{"start":{"line":55,"column":53},"end":{"line":59,"column":3}}},"3":{"name":"(anonymous_4)","decl":{"start":{"line":61,"column":9},"end":{"line":61,"column":21}},"loc":{"start":{"line":61,"column":41},"end":{"line":84,"column":3}}},"4":{"name":"(anonymous_5)","decl":{"start":{"line":67,"column":48},"end":{"line":67,"column":49}},"loc":{"start":{"line":67,"column":53},"end":{"line":67,"column":82}}},"5":{"name":"(anonymous_6)","decl":{"start":{"line":83,"column":20},"end":{"line":83,"column":25}},"loc":{"start":{"line":83,"column":30},"end":{"line":83,"column":55}}},"6":{"name":"(anonymous_7)","decl":{"start":{"line":86,"column":9},"end":{"line":86,"column":20}},"loc":{"start":{"line":86,"column":36},"end":{"line":107,"column":3}}},"7":{"name":"(anonymous_8)","decl":{"start":{"line":90,"column":25},"end":{"line":90,"column":26}},"loc":{"start":{"line":90,"column":30},"end":{"line":95,"column":7}}},"8":{"name":"(anonymous_9)","decl":{"start":{"line":99,"column":25},"end":{"line":99,"column":26}},"loc":{"start":{"line":99,"column":30},"end":{"line":105,"column":7}}},"9":{"name":"(anonymous_10)","decl":{"start":{"line":109,"column":10},"end":{"line":109,"column":13}},"loc":{"start":{"line":109,"column":14},"end":{"line":137,"column":3}}},"10":{"name":"(anonymous_11)","decl":{"start":{"line":123,"column":33},"end":{"line":123,"column":37}},"loc":{"start":{"line":123,"column":59},"end":{"line":131,"column":7}}},"11":{"name":"(anonymous_12)","decl":{"start":{"line":139,"column":10},"end":{"line":139,"column":32}},"loc":{"start":{"line":139,"column":88},"end":{"line":183,"column":3}}},"12":{"name":"(anonymous_13)","decl":{"start":{"line":185,"column":10},"end":{"line":185,"column":19}},"loc":{"start":{"line":185,"column":75},"end":{"line":200,"column":3}}},"13":{"name":"(anonymous_14)","decl":{"start":{"line":202,"column":10},"end":{"line":202,"column":24}},"loc":{"start":{"line":202,"column":25},"end":{"line":206,"column":3}}},"14":{"name":"(anonymous_15)","decl":{"start":{"line":208,"column":10},"end":{"line":208,"column":33}},"loc":{"start":{"line":208,"column":61},"end":{"line":220,"column":3}}},"15":{"name":"(anonymous_16)","decl":{"start":{"line":222,"column":10},"end":{"line":222,"column":32}},"loc":{"start":{"line":222,"column":60},"end":{"line":229,"column":3}}}},"branchMap":{"0":{"loc":{"start":{"line":55,"column":37},"end":{"line":55,"column":53}},"type":"default-arg","locations":[{"start":{"line":55,"column":37},"end":{"line":55,"column":53}}]},"1":{"loc":{"start":{"line":66,"column":4},"end":{"line":75,"column":5}},"type":"if","locations":[{"start":{"line":66,"column":4},"end":{"line":75,"column":5}},{"start":{"line":66,"column":4},"end":{"line":75,"column":5}}]},"2":{"loc":{"start":{"line":68,"column":6},"end":{"line":68,"column":57}},"type":"if","locations":[{"start":{"line":68,"column":6},"end":{"line":68,"column":57}},{"start":{"line":68,"column":6},"end":{"line":68,"column":57}}]},"3":{"loc":{"start":{"line":70,"column":6},"end":{"line":74,"column":7}},"type":"if","locations":[{"start":{"line":70,"column":6},"end":{"line":74,"column":7}},{"start":{"line":70,"column":6},"end":{"line":74,"column":7}}]},"4":{"loc":{"start":{"line":79,"column":4},"end":{"line":81,"column":5}},"type":"if","locations":[{"start":{"line":79,"column":4},"end":{"line":81,"column":5}},{"start":{"line":79,"column":4},"end":{"line":81,"column":5}}]},"5":{"loc":{"start":{"line":87,"column":4},"end":{"line":87,"column":89}},"type":"if","locations":[{"start":{"line":87,"column":4},"end":{"line":87,"column":89}},{"start":{"line":87,"column":4},"end":{"line":87,"column":89}}]},"6":{"loc":{"start":{"line":89,"column":4},"end":{"line":96,"column":5}},"type":"if","locations":[{"start":{"line":89,"column":4},"end":{"line":96,"column":5}},{"start":{"line":89,"column":4},"end":{"line":96,"column":5}}]},"7":{"loc":{"start":{"line":92,"column":8},"end":{"line":94,"column":9}},"type":"if","locations":[{"start":{"line":92,"column":8},"end":{"line":94,"column":9}},{"start":{"line":92,"column":8},"end":{"line":94,"column":9}}]},"8":{"loc":{"start":{"line":98,"column":4},"end":{"line":106,"column":5}},"type":"if","locations":[{"start":{"line":98,"column":4},"end":{"line":106,"column":5}},{"start":{"line":98,"column":4},"end":{"line":106,"column":5}}]},"9":{"loc":{"start":{"line":101,"column":8},"end":{"line":104,"column":9}},"type":"if","locations":[{"start":{"line":101,"column":8},"end":{"line":104,"column":9}},{"start":{"line":101,"column":8},"end":{"line":104,"column":9}}]},"10":{"loc":{"start":{"line":110,"column":4},"end":{"line":113,"column":5}},"type":"if","locations":[{"start":{"line":110,"column":4},"end":{"line":113,"column":5}},{"start":{"line":110,"column":4},"end":{"line":113,"column":5}}]},"11":{"loc":{"start":{"line":115,"column":4},"end":{"line":118,"column":5}},"type":"if","locations":[{"start":{"line":115,"column":4},"end":{"line":118,"column":5}},{"start":{"line":115,"column":4},"end":{"line":118,"column":5}}]},"12":{"loc":{"start":{"line":120,"column":4},"end":{"line":132,"column":5}},"type":"if","locations":[{"start":{"line":120,"column":4},"end":{"line":132,"column":5}},{"start":{"line":120,"column":4},"end":{"line":132,"column":5}}]},"13":{"loc":{"start":{"line":124,"column":8},"end":{"line":124,"column":28}},"type":"if","locations":[{"start":{"line":124,"column":8},"end":{"line":124,"column":28}},{"start":{"line":124,"column":8},"end":{"line":124,"column":28}}]},"14":{"loc":{"start":{"line":134,"column":4},"end":{"line":136,"column":5}},"type":"if","locations":[{"start":{"line":134,"column":4},"end":{"line":136,"column":5}},{"start":{"line":134,"column":4},"end":{"line":136,"column":5}}]},"15":{"loc":{"start":{"line":139,"column":83},"end":{"line":139,"column":88}},"type":"default-arg","locations":[{"start":{"line":139,"column":83},"end":{"line":139,"column":88}}]},"16":{"loc":{"start":{"line":140,"column":4},"end":{"line":142,"column":5}},"type":"if","locations":[{"start":{"line":140,"column":4},"end":{"line":142,"column":5}},{"start":{"line":140,"column":4},"end":{"line":142,"column":5}}]},"17":{"loc":{"start":{"line":144,"column":4},"end":{"line":146,"column":5}},"type":"if","locations":[{"start":{"line":144,"column":4},"end":{"line":146,"column":5}},{"start":{"line":144,"column":4},"end":{"line":146,"column":5}}]},"18":{"loc":{"start":{"line":150,"column":4},"end":{"line":182,"column":5}},"type":"if","locations":[{"start":{"line":150,"column":4},"end":{"line":182,"column":5}},{"start":{"line":150,"column":4},"end":{"line":182,"column":5}}]},"19":{"loc":{"start":{"line":168,"column":8},"end":{"line":172,"column":9}},"type":"if","locations":[{"start":{"line":168,"column":8},"end":{"line":172,"column":9}},{"start":{"line":168,"column":8},"end":{"line":172,"column":9}}]},"20":{"loc":{"start":{"line":185,"column":70},"end":{"line":185,"column":75}},"type":"default-arg","locations":[{"start":{"line":185,"column":70},"end":{"line":185,"column":75}}]},"21":{"loc":{"start":{"line":187,"column":4},"end":{"line":189,"column":5}},"type":"if","locations":[{"start":{"line":187,"column":4},"end":{"line":189,"column":5}},{"start":{"line":187,"column":4},"end":{"line":189,"column":5}}]},"22":{"loc":{"start":{"line":191,"column":4},"end":{"line":193,"column":5}},"type":"if","locations":[{"start":{"line":191,"column":4},"end":{"line":193,"column":5}},{"start":{"line":191,"column":4},"end":{"line":193,"column":5}}]},"23":{"loc":{"start":{"line":197,"column":4},"end":{"line":199,"column":5}},"type":"if","locations":[{"start":{"line":197,"column":4},"end":{"line":199,"column":5}},{"start":{"line":197,"column":4},"end":{"line":199,"column":5}}]},"24":{"loc":{"start":{"line":210,"column":6},"end":{"line":212,"column":13}},"type":"switch","locations":[{"start":{"line":210,"column":6},"end":{"line":212,"column":13}},{"start":{"line":213,"column":6},"end":{"line":215,"column":13}},{"start":{"line":216,"column":6},"end":{"line":218,"column":52}}]}},"s":{"0":1,"1":1,"2":1,"3":1,"4":1,"5":1,"6":1,"7":1,"8":1,"9":0,"10":0,"11":0,"12":0,"13":0,"14":0,"15":0,"16":0,"17":0,"18":0,"19":0,"20":0,"21":0,"22":0,"23":0,"24":0,"25":0,"26":0,"27":0,"28":0,"29":0,"30":0,"31":0,"32":0,"33":0,"34":0,"35":0,"36":0,"37":0,"38":0,"39":0,"40":0,"41":0,"42":0,"43":0,"44":0,"45":0,"46":0,"47":0,"48":0,"49":0,"50":0,"51":0,"52":0,"53":0,"54":0,"55":0,"56":0,"57":0,"58":0,"59":0,"60":0,"61":0,"62":0,"63":0,"64":0,"65":0,"66":0,"67":0,"68":0,"69":0,"70":0,"71":0,"72":0,"73":0,"74":0,"75":0,"76":0,"77":0,"78":0,"79":0,"80":0,"81":0,"82":0,"83":0,"84":0,"85":0,"86":0,"87":0,"88":0,"89":0,"90":0,"91":0,"92":0,"93":0,"94":0,"95":0,"96":0,"97":0,"98":0,"99":0,"100":0,"101":0,"102":0,"103":0,"104":0,"105":0,"106":0,"107":0,"108":0,"109":0,"110":0,"111":0,"112":0,"113":0,"114":0,"115":0,"116":0,"117":0,"118":0,"119":0,"120":0,"121":0,"122":0,"123":1},"f":{"0":0,"1":0,"2":0,"3":0,"4":0,"5":0,"6":0,"7":0,"8":0,"9":0,"10":0,"11":0,"12":0,"13":0,"14":0,"15":0},"b":{"0":[0],"1":[0,0],"2":[0,0],"3":[0,0],"4":[0,0],"5":[0,0],"6":[0,0],"7":[0,0],"8":[0,0],"9":[0,0],"10":[0,0],"11":[0,0],"12":[0,0],"13":[0,0],"14":[0,0],"15":[0],"16":[0,0],"17":[0,0],"18":[0,0],"19":[0,0],"20":[0],"21":[0,0],"22":[0,0],"23":[0,0],"24":[0,0,0]}}
,"C:\\Users\\Bradley\\Projects\\Bedrock.js\\src\\Server.ts": {"path":"C:\\Users\\Bradley\\Projects\\Bedrock.js\\src\\Server.ts","statementMap":{"0":{"start":{"line":1,"column":0},"end":{"line":1,"column":24}},"1":{"start":{"line":2,"column":0},"end":{"line":2,"column":36}},"2":{"start":{"line":6,"column":0},"end":{"line":6,"column":36}},"3":{"start":{"line":7,"column":0},"end":{"line":7,"column":37}},"4":{"start":{"line":8,"column":0},"end":{"line":8,"column":47}},"5":{"start":{"line":9,"column":0},"end":{"line":9,"column":37}},"6":{"start":{"line":10,"column":0},"end":{"line":10,"column":46}},"7":{"start":{"line":11,"column":0},"end":{"line":11,"column":36}},"8":{"start":{"line":12,"column":0},"end":{"line":12,"column":34}},"9":{"start":{"line":31,"column":4},"end":{"line":31,"column":11}},"10":{"start":{"line":33,"column":4},"end":{"line":33,"column":42}},"11":{"start":{"line":34,"column":4},"end":{"line":34,"column":37}},"12":{"start":{"line":35,"column":4},"end":{"line":35,"column":28}},"13":{"start":{"line":36,"column":4},"end":{"line":36,"column":46}},"14":{"start":{"line":38,"column":4},"end":{"line":38,"column":43}},"15":{"start":{"line":40,"column":4},"end":{"line":40,"column":34}},"16":{"start":{"line":42,"column":4},"end":{"line":42,"column":21}},"17":{"start":{"line":44,"column":4},"end":{"line":44,"column":44}},"18":{"start":{"line":46,"column":4},"end":{"line":46,"column":38}},"19":{"start":{"line":48,"column":4},"end":{"line":48,"column":25}},"20":{"start":{"line":49,"column":4},"end":{"line":49,"column":57}},"21":{"start":{"line":53,"column":4},"end":{"line":53,"column":23}},"22":{"start":{"line":57,"column":4},"end":{"line":57,"column":20}},"23":{"start":{"line":61,"column":4},"end":{"line":61,"column":26}},"24":{"start":{"line":65,"column":4},"end":{"line":65,"column":50}},"25":{"start":{"line":69,"column":4},"end":{"line":69,"column":36}},"26":{"start":{"line":73,"column":4},"end":{"line":73,"column":112}},"27":{"start":{"line":73,"column":39},"end":{"line":73,"column":111}},"28":{"start":{"line":77,"column":4},"end":{"line":77,"column":29}},"29":{"start":{"line":81,"column":18},"end":{"line":82,"column":99}},"30":{"start":{"line":82,"column":22},"end":{"line":82,"column":98}},"31":{"start":{"line":83,"column":4},"end":{"line":83,"column":27}},"32":{"start":{"line":83,"column":21},"end":{"line":83,"column":27}},"33":{"start":{"line":85,"column":4},"end":{"line":85,"column":33}},"34":{"start":{"line":89,"column":4},"end":{"line":93,"column":5}},"35":{"start":{"line":97,"column":4},"end":{"line":112,"column":6}},"36":{"start":{"line":98,"column":6},"end":{"line":98,"column":33}},"37":{"start":{"line":98,"column":27},"end":{"line":98,"column":33}},"38":{"start":{"line":100,"column":21},"end":{"line":100,"column":46}},"39":{"start":{"line":102,"column":6},"end":{"line":111,"column":7}},"40":{"start":{"line":103,"column":8},"end":{"line":107,"column":10}},"41":{"start":{"line":109,"column":8},"end":{"line":109,"column":36}},"42":{"start":{"line":110,"column":8},"end":{"line":110,"column":34}},"43":{"start":{"line":114,"column":4},"end":{"line":116,"column":6}},"44":{"start":{"line":115,"column":6},"end":{"line":115,"column":28}},"45":{"start":{"line":118,"column":4},"end":{"line":120,"column":6}},"46":{"start":{"line":119,"column":6},"end":{"line":119,"column":73}},"47":{"start":{"line":124,"column":21},"end":{"line":124,"column":37}},"48":{"start":{"line":125,"column":4},"end":{"line":145,"column":5}},"49":{"start":{"line":126,"column":6},"end":{"line":129,"column":7}},"50":{"start":{"line":127,"column":8},"end":{"line":127,"column":54}},"51":{"start":{"line":128,"column":8},"end":{"line":128,"column":14}},"52":{"start":{"line":131,"column":21},"end":{"line":131,"column":46}},"53":{"start":{"line":132,"column":6},"end":{"line":132,"column":24}},"54":{"start":{"line":132,"column":18},"end":{"line":132,"column":24}},"55":{"start":{"line":134,"column":6},"end":{"line":142,"column":7}},"56":{"start":{"line":135,"column":8},"end":{"line":135,"column":44}},"57":{"start":{"line":136,"column":13},"end":{"line":142,"column":7}},"58":{"start":{"line":137,"column":8},"end":{"line":137,"column":44}},"59":{"start":{"line":139,"column":25},"end":{"line":139,"column":52}},"60":{"start":{"line":141,"column":8},"end":{"line":141,"column":38}},"61":{"start":{"line":144,"column":6},"end":{"line":144,"column":60}},"62":{"start":{"line":14,"column":0},"end":{"line":148,"column":1}}},"fnMap":{"0":{"name":"(anonymous_1)","decl":{"start":{"line":30,"column":2},"end":{"line":30,"column":13}},"loc":{"start":{"line":30,"column":36},"end":{"line":50,"column":3}}},"1":{"name":"(anonymous_2)","decl":{"start":{"line":49,"column":41},"end":{"line":49,"column":43}},"loc":{"start":{"line":49,"column":46},"end":{"line":49,"column":56}}},"2":{"name":"(anonymous_3)","decl":{"start":{"line":52,"column":9},"end":{"line":52,"column":13}},"loc":{"start":{"line":52,"column":14},"end":{"line":54,"column":3}}},"3":{"name":"(anonymous_4)","decl":{"start":{"line":56,"column":9},"end":{"line":56,"column":15}},"loc":{"start":{"line":56,"column":16},"end":{"line":58,"column":3}}},"4":{"name":"(anonymous_5)","decl":{"start":{"line":60,"column":9},"end":{"line":60,"column":21}},"loc":{"start":{"line":60,"column":22},"end":{"line":62,"column":3}}},"5":{"name":"(anonymous_6)","decl":{"start":{"line":64,"column":9},"end":{"line":64,"column":15}},"loc":{"start":{"line":64,"column":16},"end":{"line":66,"column":3}}},"6":{"name":"(anonymous_7)","decl":{"start":{"line":68,"column":9},"end":{"line":68,"column":17}},"loc":{"start":{"line":68,"column":35},"end":{"line":70,"column":3}}},"7":{"name":"(anonymous_8)","decl":{"start":{"line":72,"column":9},"end":{"line":72,"column":17}},"loc":{"start":{"line":72,"column":35},"end":{"line":74,"column":3}}},"8":{"name":"(anonymous_9)","decl":{"start":{"line":73,"column":29},"end":{"line":73,"column":34}},"loc":{"start":{"line":73,"column":39},"end":{"line":73,"column":111}}},"9":{"name":"(anonymous_10)","decl":{"start":{"line":76,"column":9},"end":{"line":76,"column":17}},"loc":{"start":{"line":76,"column":33},"end":{"line":78,"column":3}}},"10":{"name":"(anonymous_11)","decl":{"start":{"line":80,"column":9},"end":{"line":80,"column":20}},"loc":{"start":{"line":80,"column":36},"end":{"line":86,"column":3}}},"11":{"name":"(anonymous_12)","decl":{"start":{"line":82,"column":17},"end":{"line":82,"column":18}},"loc":{"start":{"line":82,"column":22},"end":{"line":82,"column":98}}},"12":{"name":"(anonymous_13)","decl":{"start":{"line":88,"column":9},"end":{"line":88,"column":12}},"loc":{"start":{"line":88,"column":47},"end":{"line":94,"column":3}}},"13":{"name":"(anonymous_14)","decl":{"start":{"line":96,"column":10},"end":{"line":96,"column":23}},"loc":{"start":{"line":96,"column":24},"end":{"line":121,"column":3}}},"14":{"name":"(anonymous_15)","decl":{"start":{"line":97,"column":30},"end":{"line":97,"column":31}},"loc":{"start":{"line":97,"column":79},"end":{"line":112,"column":5}}},"15":{"name":"(anonymous_16)","decl":{"start":{"line":114,"column":28},"end":{"line":114,"column":29}},"loc":{"start":{"line":114,"column":43},"end":{"line":116,"column":5}}},"16":{"name":"(anonymous_17)","decl":{"start":{"line":118,"column":32},"end":{"line":118,"column":34}},"loc":{"start":{"line":118,"column":37},"end":{"line":120,"column":5}}},"17":{"name":"(anonymous_18)","decl":{"start":{"line":123,"column":10},"end":{"line":123,"column":24}},"loc":{"start":{"line":123,"column":66},"end":{"line":146,"column":3}}}},"branchMap":{"0":{"loc":{"start":{"line":33,"column":14},"end":{"line":33,"column":29}},"type":"binary-expr","locations":[{"start":{"line":33,"column":14},"end":{"line":33,"column":29}},{"start":{"line":33,"column":33},"end":{"line":33,"column":42}}]},"1":{"loc":{"start":{"line":34,"column":16},"end":{"line":34,"column":28}},"type":"binary-expr","locations":[{"start":{"line":34,"column":16},"end":{"line":34,"column":28}},{"start":{"line":34,"column":32},"end":{"line":34,"column":37}}]},"2":{"loc":{"start":{"line":36,"column":22},"end":{"line":36,"column":40}},"type":"binary-expr","locations":[{"start":{"line":36,"column":22},"end":{"line":36,"column":40}},{"start":{"line":36,"column":44},"end":{"line":36,"column":46}}]},"3":{"loc":{"start":{"line":73,"column":39},"end":{"line":73,"column":71}},"type":"binary-expr","locations":[{"start":{"line":73,"column":39},"end":{"line":73,"column":71}},{"start":{"line":73,"column":75},"end":{"line":73,"column":111}}]},"4":{"loc":{"start":{"line":82,"column":22},"end":{"line":82,"column":56}},"type":"binary-expr","locations":[{"start":{"line":82,"column":22},"end":{"line":82,"column":56}},{"start":{"line":82,"column":60},"end":{"line":82,"column":98}}]},"5":{"loc":{"start":{"line":83,"column":4},"end":{"line":83,"column":27}},"type":"if","locations":[{"start":{"line":83,"column":4},"end":{"line":83,"column":27}},{"start":{"line":83,"column":4},"end":{"line":83,"column":27}}]},"6":{"loc":{"start":{"line":98,"column":6},"end":{"line":98,"column":33}},"type":"if","locations":[{"start":{"line":98,"column":6},"end":{"line":98,"column":33}},{"start":{"line":98,"column":6},"end":{"line":98,"column":33}}]},"7":{"loc":{"start":{"line":104,"column":48},"end":{"line":104,"column":49}},"type":"cond-expr","locations":[{"start":{"line":104,"column":48},"end":{"line":104,"column":49}},{"start":{"line":104,"column":52},"end":{"line":104,"column":53}}]},"8":{"loc":{"start":{"line":125,"column":4},"end":{"line":145,"column":5}},"type":"if","locations":[{"start":{"line":125,"column":4},"end":{"line":145,"column":5}},{"start":{"line":125,"column":4},"end":{"line":145,"column":5}}]},"9":{"loc":{"start":{"line":126,"column":6},"end":{"line":129,"column":7}},"type":"if","locations":[{"start":{"line":126,"column":6},"end":{"line":129,"column":7}},{"start":{"line":126,"column":6},"end":{"line":129,"column":7}}]},"10":{"loc":{"start":{"line":132,"column":6},"end":{"line":132,"column":24}},"type":"if","locations":[{"start":{"line":132,"column":6},"end":{"line":132,"column":24}},{"start":{"line":132,"column":6},"end":{"line":132,"column":24}}]},"11":{"loc":{"start":{"line":134,"column":6},"end":{"line":142,"column":7}},"type":"if","locations":[{"start":{"line":134,"column":6},"end":{"line":142,"column":7}},{"start":{"line":134,"column":6},"end":{"line":142,"column":7}}]},"12":{"loc":{"start":{"line":136,"column":13},"end":{"line":142,"column":7}},"type":"if","locations":[{"start":{"line":136,"column":13},"end":{"line":142,"column":7}},{"start":{"line":136,"column":13},"end":{"line":142,"column":7}}]}},"s":{"0":1,"1":1,"2":1,"3":1,"4":1,"5":1,"6":1,"7":1,"8":1,"9":1,"10":1,"11":1,"12":1,"13":1,"14":1,"15":1,"16":1,"17":1,"18":1,"19":1,"20":1,"21":1,"22":1,"23":0,"24":0,"25":0,"26":0,"27":0,"28":0,"29":0,"30":0,"31":0,"32":0,"33":0,"34":0,"35":1,"36":0,"37":0,"38":0,"39":0,"40":0,"41":0,"42":0,"43":1,"44":0,"45":1,"46":0,"47":0,"48":0,"49":0,"50":0,"51":0,"52":0,"53":0,"54":0,"55":0,"56":0,"57":0,"58":0,"59":0,"60":0,"61":0,"62":1},"f":{"0":1,"1":0,"2":1,"3":1,"4":0,"5":0,"6":0,"7":0,"8":0,"9":0,"10":0,"11":0,"12":0,"13":1,"14":0,"15":0,"16":0,"17":0},"b":{"0":[1,1],"1":[1,1],"2":[1,1],"3":[0,0],"4":[0,0],"5":[0,0],"6":[0,0],"7":[0,0],"8":[0,0],"9":[0,0],"10":[0,0],"11":[0,0],"12":[0,0]}}
,"C:\\Users\\Bradley\\Projects\\Bedrock.js\\src\\network\\Packet.ts": {"path":"C:\\Users\\Bradley\\Projects\\Bedrock.js\\src\\network\\Packet.ts","statementMap":{"0":{"start":{"line":2,"column":0},"end":{"line":2,"column":37}},"1":{"start":{"line":10,"column":4},"end":{"line":10,"column":22}},"2":{"start":{"line":12,"column":4},"end":{"line":17,"column":5}},"3":{"start":{"line":13,"column":6},"end":{"line":13,"column":26}},"4":{"start":{"line":14,"column":6},"end":{"line":14,"column":35}},"5":{"start":{"line":16,"column":6},"end":{"line":16,"column":38}},"6":{"start":{"line":21,"column":4},"end":{"line":21,"column":18}},"7":{"start":{"line":25,"column":4},"end":{"line":25,"column":24}},"8":{"start":{"line":27,"column":4},"end":{"line":27,"column":59}},"9":{"start":{"line":27,"column":23},"end":{"line":27,"column":59}},"10":{"start":{"line":31,"column":4},"end":{"line":31,"column":36}},"11":{"start":{"line":32,"column":4},"end":{"line":32,"column":23}},"12":{"start":{"line":33,"column":4},"end":{"line":33,"column":21}},"13":{"start":{"line":34,"column":4},"end":{"line":34,"column":22}},"14":{"start":{"line":38,"column":4},"end":{"line":38,"column":22}},"15":{"start":{"line":42,"column":4},"end":{"line":42,"column":34}},"16":{"start":{"line":4,"column":0},"end":{"line":47,"column":1}}},"fnMap":{"0":{"name":"(anonymous_0)","decl":{"start":{"line":9,"column":2},"end":{"line":9,"column":13}},"loc":{"start":{"line":9,"column":55},"end":{"line":18,"column":3}}},"1":{"name":"(anonymous_1)","decl":{"start":{"line":20,"column":9},"end":{"line":20,"column":13}},"loc":{"start":{"line":20,"column":14},"end":{"line":22,"column":3}}},"2":{"name":"(anonymous_2)","decl":{"start":{"line":24,"column":9},"end":{"line":24,"column":17}},"loc":{"start":{"line":24,"column":72},"end":{"line":28,"column":3}}},"3":{"name":"(anonymous_3)","decl":{"start":{"line":30,"column":9},"end":{"line":30,"column":14}},"loc":{"start":{"line":30,"column":15},"end":{"line":35,"column":3}}},"4":{"name":"(anonymous_4)","decl":{"start":{"line":37,"column":9},"end":{"line":37,"column":17}},"loc":{"start":{"line":37,"column":18},"end":{"line":39,"column":3}}},"5":{"name":"(anonymous_5)","decl":{"start":{"line":41,"column":12},"end":{"line":41,"column":23}},"loc":{"start":{"line":41,"column":24},"end":{"line":43,"column":3}}},"6":{"name":"(anonymous_6)","decl":{"start":{"line":45,"column":12},"end":{"line":45,"column":21}},"loc":{"start":{"line":45,"column":22},"end":{"line":45,"column":28}}}},"branchMap":{"0":{"loc":{"start":{"line":12,"column":4},"end":{"line":17,"column":5}},"type":"if","locations":[{"start":{"line":12,"column":4},"end":{"line":17,"column":5}},{"start":{"line":12,"column":4},"end":{"line":17,"column":5}}]},"1":{"loc":{"start":{"line":24,"column":67},"end":{"line":24,"column":72}},"type":"default-arg","locations":[{"start":{"line":24,"column":67},"end":{"line":24,"column":72}}]},"2":{"loc":{"start":{"line":27,"column":4},"end":{"line":27,"column":59}},"type":"if","locations":[{"start":{"line":27,"column":4},"end":{"line":27,"column":59}},{"start":{"line":27,"column":4},"end":{"line":27,"column":59}}]}},"s":{"0":1,"1":0,"2":0,"3":0,"4":0,"5":0,"6":0,"7":0,"8":0,"9":0,"10":0,"11":0,"12":0,"13":0,"14":0,"15":0,"16":1},"f":{"0":0,"1":0,"2":0,"3":0,"4":0,"5":0,"6":0},"b":{"0":[0,0],"1":[0],"2":[0,0]}}
,"C:\\Users\\Bradley\\Projects\\Bedrock.js\\src\\network\\RakNet.ts": {"path":"C:\\Users\\Bradley\\Projects\\Bedrock.js\\src\\network\\RakNet.ts","statementMap":{"0":{"start":{"line":1,"column":0},"end":{"line":1,"column":28}},"1":{"start":{"line":2,"column":0},"end":{"line":2,"column":71}},"2":{"start":{"line":3,"column":0},"end":{"line":3,"column":75}},"3":{"start":{"line":4,"column":0},"end":{"line":4,"column":75}},"4":{"start":{"line":5,"column":0},"end":{"line":5,"column":79}},"5":{"start":{"line":6,"column":0},"end":{"line":6,"column":79}},"6":{"start":{"line":7,"column":0},"end":{"line":7,"column":47}},"7":{"start":{"line":8,"column":0},"end":{"line":8,"column":61}},"8":{"start":{"line":9,"column":0},"end":{"line":9,"column":61}},"9":{"start":{"line":12,"column":0},"end":{"line":12,"column":34}},"10":{"start":{"line":21,"column":4},"end":{"line":21,"column":24}},"11":{"start":{"line":23,"column":4},"end":{"line":23,"column":38}},"12":{"start":{"line":27,"column":15},"end":{"line":27,"column":31}},"13":{"start":{"line":29,"column":4},"end":{"line":41,"column":5}},"14":{"start":{"line":31,"column":8},"end":{"line":31,"column":53}},"15":{"start":{"line":32,"column":8},"end":{"line":32,"column":13}},"16":{"start":{"line":34,"column":8},"end":{"line":34,"column":62}},"17":{"start":{"line":35,"column":8},"end":{"line":35,"column":13}},"18":{"start":{"line":37,"column":8},"end":{"line":37,"column":62}},"19":{"start":{"line":38,"column":8},"end":{"line":38,"column":13}},"20":{"start":{"line":40,"column":8},"end":{"line":40,"column":54}},"21":{"start":{"line":45,"column":17},"end":{"line":45,"column":44}},"22":{"start":{"line":46,"column":17},"end":{"line":46,"column":101}},"23":{"start":{"line":47,"column":4},"end":{"line":47,"column":46}},"24":{"start":{"line":51,"column":16},"end":{"line":51,"column":52}},"25":{"start":{"line":53,"column":4},"end":{"line":59,"column":5}},"26":{"start":{"line":54,"column":21},"end":{"line":54,"column":47}},"27":{"start":{"line":55,"column":6},"end":{"line":55,"column":50}},"28":{"start":{"line":57,"column":21},"end":{"line":57,"column":60}},"29":{"start":{"line":58,"column":6},"end":{"line":58,"column":50}},"30":{"start":{"line":63,"column":16},"end":{"line":63,"column":52}},"31":{"start":{"line":65,"column":19},"end":{"line":65,"column":68}},"32":{"start":{"line":66,"column":4},"end":{"line":73,"column":5}},"33":{"start":{"line":67,"column":21},"end":{"line":67,"column":68}},"34":{"start":{"line":68,"column":6},"end":{"line":68,"column":35}},"35":{"start":{"line":70,"column":6},"end":{"line":70,"column":92}},"36":{"start":{"line":72,"column":6},"end":{"line":72,"column":50}},"37":{"start":{"line":14,"column":0},"end":{"line":76,"column":1}}},"fnMap":{"0":{"name":"(anonymous_1)","decl":{"start":{"line":20,"column":2},"end":{"line":20,"column":13}},"loc":{"start":{"line":20,"column":28},"end":{"line":24,"column":3}}},"1":{"name":"(anonymous_2)","decl":{"start":{"line":26,"column":9},"end":{"line":26,"column":31}},"loc":{"start":{"line":26,"column":73},"end":{"line":42,"column":3}}},"2":{"name":"(anonymous_3)","decl":{"start":{"line":44,"column":9},"end":{"line":44,"column":29}},"loc":{"start":{"line":44,"column":71},"end":{"line":48,"column":3}}},"3":{"name":"(anonymous_4)","decl":{"start":{"line":50,"column":9},"end":{"line":50,"column":38}},"loc":{"start":{"line":50,"column":80},"end":{"line":60,"column":3}}},"4":{"name":"(anonymous_5)","decl":{"start":{"line":62,"column":9},"end":{"line":62,"column":38}},"loc":{"start":{"line":62,"column":80},"end":{"line":74,"column":3}}}},"branchMap":{"0":{"loc":{"start":{"line":30,"column":6},"end":{"line":32,"column":13}},"type":"switch","locations":[{"start":{"line":30,"column":6},"end":{"line":32,"column":13}},{"start":{"line":33,"column":6},"end":{"line":35,"column":13}},{"start":{"line":36,"column":6},"end":{"line":38,"column":13}},{"start":{"line":39,"column":6},"end":{"line":40,"column":54}}]},"1":{"loc":{"start":{"line":53,"column":4},"end":{"line":59,"column":5}},"type":"if","locations":[{"start":{"line":53,"column":4},"end":{"line":59,"column":5}},{"start":{"line":53,"column":4},"end":{"line":59,"column":5}}]},"2":{"loc":{"start":{"line":66,"column":4},"end":{"line":73,"column":5}},"type":"if","locations":[{"start":{"line":66,"column":4},"end":{"line":73,"column":5}},{"start":{"line":66,"column":4},"end":{"line":73,"column":5}}]}},"s":{"0":1,"1":1,"2":1,"3":1,"4":1,"5":1,"6":1,"7":1,"8":1,"9":1,"10":1,"11":1,"12":0,"13":0,"14":0,"15":0,"16":0,"17":0,"18":0,"19":0,"20":0,"21":0,"22":0,"23":0,"24":0,"25":0,"26":0,"27":0,"28":0,"29":0,"30":0,"31":0,"32":0,"33":0,"34":0,"35":0,"36":0,"37":1},"f":{"0":1,"1":0,"2":0,"3":0,"4":0},"b":{"0":[0,0,0,0],"1":[0,0],"2":[0,0]}}
,"C:\\Users\\Bradley\\Projects\\Bedrock.js\\src\\network\\raknet\\ACK.ts": {"path":"C:\\Users\\Bradley\\Projects\\Bedrock.js\\src\\network\\raknet\\ACK.ts","statementMap":{"0":{"start":{"line":1,"column":0},"end":{"line":1,"column":47}},"1":{"start":{"line":3,"column":0},"end":{"line":3,"column":50}},"2":{"start":{"line":8,"column":4},"end":{"line":8,"column":31}},"3":{"start":{"line":5,"column":0},"end":{"line":11,"column":1}}},"fnMap":{"0":{"name":"(anonymous_1)","decl":{"start":{"line":7,"column":2},"end":{"line":7,"column":13}},"loc":{"start":{"line":7,"column":35},"end":{"line":9,"column":3}}}},"branchMap":{},"s":{"0":1,"1":1,"2":0,"3":1},"f":{"0":0},"b":{}}
,"C:\\Users\\Bradley\\Projects\\Bedrock.js\\src\\network\\raknet\\AcknowledgePacket.ts": {"path":"C:\\Users\\Bradley\\Projects\\Bedrock.js\\src\\network\\raknet\\AcknowledgePacket.ts","statementMap":{"0":{"start":{"line":1,"column":0},"end":{"line":1,"column":36}},"1":{"start":{"line":3,"column":0},"end":{"line":3,"column":37}},"2":{"start":{"line":10,"column":4},"end":{"line":10,"column":21}},"3":{"start":{"line":7,"column":9},"end":{"line":7,"column":27}},"4":{"start":{"line":12,"column":4},"end":{"line":33,"column":5}},"5":{"start":{"line":13,"column":20},"end":{"line":13,"column":38}},"6":{"start":{"line":14,"column":16},"end":{"line":14,"column":17}},"7":{"start":{"line":16,"column":6},"end":{"line":32,"column":7}},"8":{"start":{"line":17,"column":21},"end":{"line":17,"column":38}},"9":{"start":{"line":18,"column":8},"end":{"line":31,"column":9}},"10":{"start":{"line":19,"column":24},"end":{"line":19,"column":43}},"11":{"start":{"line":20,"column":20},"end":{"line":20,"column":39}},"12":{"start":{"line":21,"column":10},"end":{"line":23,"column":11}},"13":{"start":{"line":22,"column":12},"end":{"line":22,"column":29}},"14":{"start":{"line":24,"column":10},"end":{"line":27,"column":11}},"15":{"start":{"line":25,"column":12},"end":{"line":25,"column":28}},"16":{"start":{"line":26,"column":12},"end":{"line":26,"column":17}},"17":{"start":{"line":29,"column":10},"end":{"line":29,"column":44}},"18":{"start":{"line":30,"column":10},"end":{"line":30,"column":15}},"19":{"start":{"line":37,"column":19},"end":{"line":37,"column":37}},"20":{"start":{"line":38,"column":16},"end":{"line":38,"column":46}},"21":{"start":{"line":38,"column":40},"end":{"line":38,"column":45}},"22":{"start":{"line":39,"column":18},"end":{"line":39,"column":19}},"23":{"start":{"line":41,"column":4},"end":{"line":58,"column":5}},"24":{"start":{"line":42,"column":18},"end":{"line":42,"column":24}},"25":{"start":{"line":43,"column":17},"end":{"line":43,"column":23}},"26":{"start":{"line":45,"column":6},"end":{"line":54,"column":8}},"27":{"start":{"line":46,"column":8},"end":{"line":53,"column":9}},"28":{"start":{"line":47,"column":10},"end":{"line":47,"column":19}},"29":{"start":{"line":48,"column":15},"end":{"line":53,"column":9}},"30":{"start":{"line":49,"column":10},"end":{"line":49,"column":39}},"31":{"start":{"line":51,"column":10},"end":{"line":51,"column":27}},"32":{"start":{"line":52,"column":10},"end":{"line":52,"column":19}},"33":{"start":{"line":56,"column":6},"end":{"line":56,"column":35}},"34":{"start":{"line":57,"column":6},"end":{"line":57,"column":15}},"35":{"start":{"line":60,"column":4},"end":{"line":62,"column":33}},"36":{"start":{"line":66,"column":4},"end":{"line":75,"column":5}},"37":{"start":{"line":67,"column":6},"end":{"line":69,"column":23}},"38":{"start":{"line":71,"column":6},"end":{"line":74,"column":23}},"39":{"start":{"line":5,"column":0},"end":{"line":78,"column":1}}},"fnMap":{"0":{"name":"(anonymous_1)","decl":{"start":{"line":9,"column":2},"end":{"line":9,"column":13}},"loc":{"start":{"line":9,"column":49},"end":{"line":34,"column":3}}},"1":{"name":"(anonymous_2)","decl":{"start":{"line":36,"column":12},"end":{"line":36,"column":21}},"loc":{"start":{"line":36,"column":22},"end":{"line":63,"column":3}}},"2":{"name":"(anonymous_3)","decl":{"start":{"line":38,"column":30},"end":{"line":38,"column":31}},"loc":{"start":{"line":38,"column":40},"end":{"line":38,"column":45}}},"3":{"name":"(anonymous_4)","decl":{"start":{"line":45,"column":18},"end":{"line":45,"column":19}},"loc":{"start":{"line":45,"column":23},"end":{"line":54,"column":7}}},"4":{"name":"(anonymous_5)","decl":{"start":{"line":65,"column":10},"end":{"line":65,"column":12}},"loc":{"start":{"line":65,"column":56},"end":{"line":76,"column":3}}}},"branchMap":{"0":{"loc":{"start":{"line":12,"column":4},"end":{"line":33,"column":5}},"type":"if","locations":[{"start":{"line":12,"column":4},"end":{"line":33,"column":5}},{"start":{"line":12,"column":4},"end":{"line":33,"column":5}}]},"1":{"loc":{"start":{"line":16,"column":21},"end":{"line":16,"column":30}},"type":"binary-expr","locations":[{"start":{"line":16,"column":21},"end":{"line":16,"column":30}},{"start":{"line":16,"column":34},"end":{"line":16,"column":48}},{"start":{"line":16,"column":52},"end":{"line":16,"column":62}}]},"2":{"loc":{"start":{"line":18,"column":8},"end":{"line":31,"column":9}},"type":"if","locations":[{"start":{"line":18,"column":8},"end":{"line":31,"column":9}},{"start":{"line":18,"column":8},"end":{"line":31,"column":9}}]},"3":{"loc":{"start":{"line":21,"column":10},"end":{"line":23,"column":11}},"type":"if","locations":[{"start":{"line":21,"column":10},"end":{"line":23,"column":11}},{"start":{"line":21,"column":10},"end":{"line":23,"column":11}}]},"4":{"loc":{"start":{"line":41,"column":4},"end":{"line":58,"column":5}},"type":"if","locations":[{"start":{"line":41,"column":4},"end":{"line":58,"column":5}},{"start":{"line":41,"column":4},"end":{"line":58,"column":5}}]},"5":{"loc":{"start":{"line":46,"column":8},"end":{"line":53,"column":9}},"type":"if","locations":[{"start":{"line":46,"column":8},"end":{"line":53,"column":9}},{"start":{"line":46,"column":8},"end":{"line":53,"column":9}}]},"6":{"loc":{"start":{"line":48,"column":15},"end":{"line":53,"column":9}},"type":"if","locations":[{"start":{"line":48,"column":15},"end":{"line":53,"column":9}},{"start":{"line":48,"column":15},"end":{"line":53,"column":9}}]},"7":{"loc":{"start":{"line":66,"column":4},"end":{"line":75,"column":5}},"type":"if","locations":[{"start":{"line":66,"column":4},"end":{"line":75,"column":5}},{"start":{"line":66,"column":4},"end":{"line":75,"column":5}}]}},"s":{"0":1,"1":1,"2":0,"3":0,"4":0,"5":0,"6":0,"7":0,"8":0,"9":0,"10":0,"11":0,"12":0,"13":0,"14":0,"15":0,"16":0,"17":0,"18":0,"19":0,"20":0,"21":0,"22":0,"23":0,"24":0,"25":0,"26":0,"27":0,"28":0,"29":0,"30":0,"31":0,"32":0,"33":0,"34":0,"35":0,"36":0,"37":0,"38":0,"39":1},"f":{"0":0,"1":0,"2":0,"3":0,"4":0},"b":{"0":[0,0],"1":[0,0,0],"2":[0,0],"3":[0,0],"4":[0,0],"5":[0,0],"6":[0,0],"7":[0,0]}}
,"C:\\Users\\Bradley\\Projects\\Bedrock.js\\src\\network\\raknet\\ConnectionRequest.ts": {"path":"C:\\Users\\Bradley\\Projects\\Bedrock.js\\src\\network\\raknet\\ConnectionRequest.ts","statementMap":{"0":{"start":{"line":1,"column":0},"end":{"line":1,"column":47}},"1":{"start":{"line":3,"column":0},"end":{"line":3,"column":52}},"2":{"start":{"line":12,"column":4},"end":{"line":12,"column":46}},"3":{"start":{"line":14,"column":4},"end":{"line":14,"column":47}},"4":{"start":{"line":15,"column":4},"end":{"line":15,"column":51}},"5":{"start":{"line":16,"column":4},"end":{"line":16,"column":50}},"6":{"start":{"line":5,"column":0},"end":{"line":19,"column":1}}},"fnMap":{"0":{"name":"(anonymous_1)","decl":{"start":{"line":11,"column":2},"end":{"line":11,"column":13}},"loc":{"start":{"line":11,"column":34},"end":{"line":17,"column":3}}}},"branchMap":{},"s":{"0":1,"1":1,"2":0,"3":0,"4":0,"5":0,"6":1},"f":{"0":0},"b":{}}
,"C:\\Users\\Bradley\\Projects\\Bedrock.js\\src\\network\\raknet\\ConnectionRequestAccepted.ts": {"path":"C:\\Users\\Bradley\\Projects\\Bedrock.js\\src\\network\\raknet\\ConnectionRequestAccepted.ts","statementMap":{"0":{"start":{"line":1,"column":0},"end":{"line":1,"column":47}},"1":{"start":{"line":2,"column":0},"end":{"line":2,"column":47}},"2":{"start":{"line":3,"column":0},"end":{"line":3,"column":52}},"3":{"start":{"line":13,"column":4},"end":{"line":13,"column":47}},"4":{"start":{"line":15,"column":4},"end":{"line":15,"column":26}},"5":{"start":{"line":16,"column":4},"end":{"line":18,"column":5}},"6":{"start":{"line":19,"column":4},"end":{"line":19,"column":28}},"7":{"start":{"line":20,"column":4},"end":{"line":20,"column":28}},"8":{"start":{"line":24,"column":4},"end":{"line":26,"column":20}},"9":{"start":{"line":28,"column":35},"end":{"line":28,"column":89}},"10":{"start":{"line":29,"column":4},"end":{"line":31,"column":5}},"11":{"start":{"line":30,"column":6},"end":{"line":30,"column":77}},"12":{"start":{"line":33,"column":4},"end":{"line":35,"column":31}},"13":{"start":{"line":5,"column":0},"end":{"line":38,"column":1}}},"fnMap":{"0":{"name":"(anonymous_1)","decl":{"start":{"line":12,"column":2},"end":{"line":12,"column":13}},"loc":{"start":{"line":12,"column":66},"end":{"line":21,"column":3}}},"1":{"name":"(anonymous_2)","decl":{"start":{"line":23,"column":12},"end":{"line":23,"column":21}},"loc":{"start":{"line":23,"column":22},"end":{"line":36,"column":3}}}},"branchMap":{"0":{"loc":{"start":{"line":30,"column":36},"end":{"line":30,"column":59}},"type":"binary-expr","locations":[{"start":{"line":30,"column":36},"end":{"line":30,"column":59}},{"start":{"line":30,"column":63},"end":{"line":30,"column":76}}]}},"s":{"0":1,"1":1,"2":1,"3":0,"4":0,"5":0,"6":0,"7":0,"8":0,"9":0,"10":0,"11":0,"12":0,"13":1},"f":{"0":0,"1":0},"b":{"0":[0,0]}}
,"C:\\Users\\Bradley\\Projects\\Bedrock.js\\src\\network\\raknet\\Datagram.ts": {"path":"C:\\Users\\Bradley\\Projects\\Bedrock.js\\src\\network\\raknet\\Datagram.ts","statementMap":{"0":{"start":{"line":1,"column":0},"end":{"line":1,"column":36}},"1":{"start":{"line":2,"column":0},"end":{"line":2,"column":47}},"2":{"start":{"line":4,"column":0},"end":{"line":4,"column":36}},"3":{"start":{"line":5,"column":0},"end":{"line":5,"column":52}},"4":{"start":{"line":43,"column":4},"end":{"line":43,"column":13}},"5":{"start":{"line":34,"column":9},"end":{"line":34,"column":35}},"6":{"start":{"line":36,"column":9},"end":{"line":36,"column":36}},"7":{"start":{"line":37,"column":9},"end":{"line":37,"column":40}},"8":{"start":{"line":38,"column":9},"end":{"line":38,"column":37}},"9":{"start":{"line":40,"column":9},"end":{"line":40,"column":32}},"10":{"start":{"line":45,"column":4},"end":{"line":45,"column":26}},"11":{"start":{"line":10,"column":18},"end":{"line":10,"column":35}},"12":{"start":{"line":11,"column":21},"end":{"line":11,"column":44}},"13":{"start":{"line":13,"column":4},"end":{"line":13,"column":58}},"14":{"start":{"line":14,"column":4},"end":{"line":14,"column":66}},"15":{"start":{"line":15,"column":4},"end":{"line":15,"column":59}},"16":{"start":{"line":17,"column":4},"end":{"line":17,"column":49}},"17":{"start":{"line":19,"column":4},"end":{"line":27,"column":5}},"18":{"start":{"line":20,"column":21},"end":{"line":20,"column":58}},"19":{"start":{"line":22,"column":6},"end":{"line":24,"column":7}},"20":{"start":{"line":23,"column":8},"end":{"line":23,"column":13}},"21":{"start":{"line":26,"column":6},"end":{"line":26,"column":35}},"22":{"start":{"line":29,"column":4},"end":{"line":29,"column":19}},"23":{"start":{"line":53,"column":4},"end":{"line":53,"column":64}},"24":{"start":{"line":57,"column":4},"end":{"line":57,"column":53}},"25":{"start":{"line":58,"column":4},"end":{"line":58,"column":78}},"26":{"start":{"line":58,"column":35},"end":{"line":58,"column":77}},"27":{"start":{"line":7,"column":0},"end":{"line":61,"column":1}}},"fnMap":{"0":{"name":"(anonymous_1)","decl":{"start":{"line":42,"column":2},"end":{"line":42,"column":13}},"loc":{"start":{"line":42,"column":85},"end":{"line":46,"column":3}}},"1":{"name":"(anonymous_2)","decl":{"start":{"line":9,"column":9},"end":{"line":9,"column":14}},"loc":{"start":{"line":9,"column":47},"end":{"line":30,"column":3}}},"2":{"name":"(anonymous_3)","decl":{"start":{"line":48,"column":12},"end":{"line":48,"column":23}},"loc":{"start":{"line":48,"column":24},"end":{"line":54,"column":3}}},"3":{"name":"(anonymous_4)","decl":{"start":{"line":56,"column":12},"end":{"line":56,"column":21}},"loc":{"start":{"line":56,"column":22},"end":{"line":59,"column":3}}},"4":{"name":"(anonymous_5)","decl":{"start":{"line":58,"column":25},"end":{"line":58,"column":30}},"loc":{"start":{"line":58,"column":35},"end":{"line":58,"column":77}}}},"branchMap":{"0":{"loc":{"start":{"line":42,"column":46},"end":{"line":42,"column":48}},"type":"default-arg","locations":[{"start":{"line":42,"column":46},"end":{"line":42,"column":48}}]},"1":{"loc":{"start":{"line":42,"column":63},"end":{"line":42,"column":85}},"type":"default-arg","locations":[{"start":{"line":42,"column":63},"end":{"line":42,"column":85}}]},"2":{"loc":{"start":{"line":22,"column":6},"end":{"line":24,"column":7}},"type":"if","locations":[{"start":{"line":22,"column":6},"end":{"line":24,"column":7}},{"start":{"line":22,"column":6},"end":{"line":24,"column":7}}]}},"s":{"0":1,"1":1,"2":1,"3":1,"4":0,"5":0,"6":0,"7":0,"8":0,"9":0,"10":0,"11":0,"12":0,"13":0,"14":0,"15":0,"16":0,"17":0,"18":0,"19":0,"20":0,"21":0,"22":0,"23":0,"24":0,"25":0,"26":0,"27":1},"f":{"0":0,"1":0,"2":0,"3":0,"4":0},"b":{"0":[0],"1":[0],"2":[0,0]}}
,"C:\\Users\\Bradley\\Projects\\Bedrock.js\\src\\network\\raknet\\EncapsulatedPacket.ts": {"path":"C:\\Users\\Bradley\\Projects\\Bedrock.js\\src\\network\\raknet\\EncapsulatedPacket.ts","statementMap":{"0":{"start":{"line":1,"column":0},"end":{"line":1,"column":36}},"1":{"start":{"line":2,"column":0},"end":{"line":2,"column":47}},"2":{"start":{"line":3,"column":0},"end":{"line":3,"column":53}},"3":{"start":{"line":4,"column":0},"end":{"line":4,"column":37}},"4":{"start":{"line":79,"column":4},"end":{"line":79,"column":21}},"5":{"start":{"line":60,"column":9},"end":{"line":60,"column":32}},"6":{"start":{"line":62,"column":9},"end":{"line":62,"column":27}},"7":{"start":{"line":64,"column":9},"end":{"line":64,"column":33}},"8":{"start":{"line":66,"column":9},"end":{"line":66,"column":34}},"9":{"start":{"line":67,"column":9},"end":{"line":67,"column":31}},"10":{"start":{"line":68,"column":9},"end":{"line":68,"column":28}},"11":{"start":{"line":69,"column":9},"end":{"line":69,"column":31}},"12":{"start":{"line":71,"column":9},"end":{"line":71,"column":34}},"13":{"start":{"line":73,"column":9},"end":{"line":73,"column":31}},"14":{"start":{"line":74,"column":9},"end":{"line":74,"column":33}},"15":{"start":{"line":76,"column":9},"end":{"line":76,"column":34}},"16":{"start":{"line":11,"column":19},"end":{"line":11,"column":53}},"17":{"start":{"line":12,"column":4},"end":{"line":12,"column":49}},"18":{"start":{"line":13,"column":4},"end":{"line":13,"column":39}},"19":{"start":{"line":14,"column":4},"end":{"line":14,"column":51}},"20":{"start":{"line":15,"column":4},"end":{"line":15,"column":43}},"21":{"start":{"line":16,"column":4},"end":{"line":16,"column":47}},"22":{"start":{"line":17,"column":4},"end":{"line":17,"column":41}},"23":{"start":{"line":18,"column":4},"end":{"line":18,"column":47}},"24":{"start":{"line":19,"column":4},"end":{"line":19,"column":53}},"25":{"start":{"line":20,"column":4},"end":{"line":20,"column":47}},"26":{"start":{"line":21,"column":4},"end":{"line":21,"column":51}},"27":{"start":{"line":23,"column":4},"end":{"line":23,"column":17}},"28":{"start":{"line":27,"column":18},"end":{"line":27,"column":35}},"29":{"start":{"line":28,"column":19},"end":{"line":28,"column":48}},"30":{"start":{"line":30,"column":4},"end":{"line":30,"column":46}},"31":{"start":{"line":31,"column":4},"end":{"line":31,"column":40}},"32":{"start":{"line":33,"column":4},"end":{"line":33,"column":53}},"33":{"start":{"line":35,"column":4},"end":{"line":37,"column":5}},"34":{"start":{"line":36,"column":6},"end":{"line":36,"column":47}},"35":{"start":{"line":39,"column":4},"end":{"line":41,"column":5}},"36":{"start":{"line":40,"column":6},"end":{"line":40,"column":48}},"37":{"start":{"line":43,"column":4},"end":{"line":46,"column":5}},"38":{"start":{"line":44,"column":6},"end":{"line":44,"column":45}},"39":{"start":{"line":45,"column":6},"end":{"line":45,"column":45}},"40":{"start":{"line":48,"column":4},"end":{"line":52,"column":5}},"41":{"start":{"line":49,"column":6},"end":{"line":49,"column":42}},"42":{"start":{"line":50,"column":6},"end":{"line":50,"column":41}},"43":{"start":{"line":51,"column":6},"end":{"line":51,"column":42}},"44":{"start":{"line":54,"column":4},"end":{"line":54,"column":111}},"45":{"start":{"line":55,"column":4},"end":{"line":55,"column":34}},"46":{"start":{"line":57,"column":4},"end":{"line":57,"column":17}},"47":{"start":{"line":83,"column":4},"end":{"line":89,"column":5}},"48":{"start":{"line":93,"column":4},"end":{"line":96,"column":5}},"49":{"start":{"line":100,"column":4},"end":{"line":103,"column":5}},"50":{"start":{"line":107,"column":4},"end":{"line":107,"column":49}},"51":{"start":{"line":111,"column":19},"end":{"line":111,"column":37}},"52":{"start":{"line":112,"column":4},"end":{"line":112,"column":74}},"53":{"start":{"line":113,"column":4},"end":{"line":113,"column":41}},"54":{"start":{"line":115,"column":4},"end":{"line":117,"column":5}},"55":{"start":{"line":116,"column":6},"end":{"line":116,"column":43}},"56":{"start":{"line":119,"column":4},"end":{"line":121,"column":5}},"57":{"start":{"line":120,"column":6},"end":{"line":120,"column":44}},"58":{"start":{"line":123,"column":4},"end":{"line":126,"column":5}},"59":{"start":{"line":124,"column":6},"end":{"line":124,"column":41}},"60":{"start":{"line":125,"column":6},"end":{"line":125,"column":41}},"61":{"start":{"line":128,"column":4},"end":{"line":132,"column":5}},"62":{"start":{"line":129,"column":6},"end":{"line":129,"column":38}},"63":{"start":{"line":130,"column":6},"end":{"line":130,"column":37}},"64":{"start":{"line":131,"column":6},"end":{"line":131,"column":38}},"65":{"start":{"line":134,"column":25},"end":{"line":134,"column":38}},"66":{"start":{"line":136,"column":4},"end":{"line":136,"column":38}},"67":{"start":{"line":6,"column":0},"end":{"line":139,"column":1}}},"fnMap":{"0":{"name":"(anonymous_1)","decl":{"start":{"line":78,"column":2},"end":{"line":78,"column":13}},"loc":{"start":{"line":78,"column":72},"end":{"line":80,"column":3}}},"1":{"name":"(anonymous_2)","decl":{"start":{"line":8,"column":9},"end":{"line":8,"column":14}},"loc":{"start":{"line":9,"column":74},"end":{"line":24,"column":3}}},"2":{"name":"(anonymous_3)","decl":{"start":{"line":26,"column":9},"end":{"line":26,"column":14}},"loc":{"start":{"line":26,"column":47},"end":{"line":58,"column":3}}},"3":{"name":"(anonymous_4)","decl":{"start":{"line":82,"column":9},"end":{"line":82,"column":18}},"loc":{"start":{"line":82,"column":19},"end":{"line":90,"column":3}}},"4":{"name":"(anonymous_5)","decl":{"start":{"line":92,"column":9},"end":{"line":92,"column":19}},"loc":{"start":{"line":92,"column":20},"end":{"line":97,"column":3}}},"5":{"name":"(anonymous_6)","decl":{"start":{"line":99,"column":9},"end":{"line":99,"column":17}},"loc":{"start":{"line":99,"column":18},"end":{"line":104,"column":3}}},"6":{"name":"(anonymous_7)","decl":{"start":{"line":106,"column":9},"end":{"line":106,"column":28}},"loc":{"start":{"line":106,"column":29},"end":{"line":108,"column":3}}},"7":{"name":"(anonymous_8)","decl":{"start":{"line":110,"column":9},"end":{"line":110,"column":16}},"loc":{"start":{"line":110,"column":17},"end":{"line":137,"column":3}}}},"branchMap":{"0":{"loc":{"start":{"line":78,"column":27},"end":{"line":78,"column":49}},"type":"default-arg","locations":[{"start":{"line":78,"column":27},"end":{"line":78,"column":49}}]},"1":{"loc":{"start":{"line":35,"column":4},"end":{"line":37,"column":5}},"type":"if","locations":[{"start":{"line":35,"column":4},"end":{"line":37,"column":5}},{"start":{"line":35,"column":4},"end":{"line":37,"column":5}}]},"2":{"loc":{"start":{"line":39,"column":4},"end":{"line":41,"column":5}},"type":"if","locations":[{"start":{"line":39,"column":4},"end":{"line":41,"column":5}},{"start":{"line":39,"column":4},"end":{"line":41,"column":5}}]},"3":{"loc":{"start":{"line":43,"column":4},"end":{"line":46,"column":5}},"type":"if","locations":[{"start":{"line":43,"column":4},"end":{"line":46,"column":5}},{"start":{"line":43,"column":4},"end":{"line":46,"column":5}}]},"4":{"loc":{"start":{"line":48,"column":4},"end":{"line":52,"column":5}},"type":"if","locations":[{"start":{"line":48,"column":4},"end":{"line":52,"column":5}},{"start":{"line":48,"column":4},"end":{"line":52,"column":5}}]},"5":{"loc":{"start":{"line":84,"column":6},"end":{"line":84,"column":47}},"type":"binary-expr","locations":[{"start":{"line":84,"column":6},"end":{"line":84,"column":47}},{"start":{"line":85,"column":6},"end":{"line":85,"column":54}},{"start":{"line":86,"column":6},"end":{"line":86,"column":56}},{"start":{"line":87,"column":6},"end":{"line":87,"column":50}},{"start":{"line":88,"column":6},"end":{"line":88,"column":57}}]},"6":{"loc":{"start":{"line":94,"column":6},"end":{"line":94,"column":58}},"type":"binary-expr","locations":[{"start":{"line":94,"column":6},"end":{"line":94,"column":58}},{"start":{"line":95,"column":6},"end":{"line":95,"column":56}}]},"7":{"loc":{"start":{"line":101,"column":6},"end":{"line":101,"column":54}},"type":"binary-expr","locations":[{"start":{"line":101,"column":6},"end":{"line":101,"column":54}},{"start":{"line":102,"column":6},"end":{"line":102,"column":57}}]},"8":{"loc":{"start":{"line":107,"column":11},"end":{"line":107,"column":29}},"type":"binary-expr","locations":[{"start":{"line":107,"column":11},"end":{"line":107,"column":29}},{"start":{"line":107,"column":33},"end":{"line":107,"column":49}}]},"9":{"loc":{"start":{"line":112,"column":64},"end":{"line":112,"column":68}},"type":"cond-expr","locations":[{"start":{"line":112,"column":64},"end":{"line":112,"column":68}},{"start":{"line":112,"column":71},"end":{"line":112,"column":72}}]},"10":{"loc":{"start":{"line":115,"column":4},"end":{"line":117,"column":5}},"type":"if","locations":[{"start":{"line":115,"column":4},"end":{"line":117,"column":5}},{"start":{"line":115,"column":4},"end":{"line":117,"column":5}}]},"11":{"loc":{"start":{"line":119,"column":4},"end":{"line":121,"column":5}},"type":"if","locations":[{"start":{"line":119,"column":4},"end":{"line":121,"column":5}},{"start":{"line":119,"column":4},"end":{"line":121,"column":5}}]},"12":{"loc":{"start":{"line":123,"column":4},"end":{"line":126,"column":5}},"type":"if","locations":[{"start":{"line":123,"column":4},"end":{"line":126,"column":5}},{"start":{"line":123,"column":4},"end":{"line":126,"column":5}}]},"13":{"loc":{"start":{"line":128,"column":4},"end":{"line":132,"column":5}},"type":"if","locations":[{"start":{"line":128,"column":4},"end":{"line":132,"column":5}},{"start":{"line":128,"column":4},"end":{"line":132,"column":5}}]}},"s":{"0":1,"1":1,"2":1,"3":1,"4":0,"5":0,"6":0,"7":0,"8":0,"9":0,"10":0,"11":0,"12":0,"13":0,"14":0,"15":0,"16":0,"17":0,"18":0,"19":0,"20":0,"21":0,"22":0,"23":0,"24":0,"25":0,"26":0,"27":0,"28":0,"29":0,"30":0,"31":0,"32":0,"33":0,"34":0,"35":0,"36":0,"37":0,"38":0,"39":0,"40":0,"41":0,"42":0,"43":0,"44":0,"45":0,"46":0,"47":0,"48":0,"49":0,"50":0,"51":0,"52":0,"53":0,"54":0,"55":0,"56":0,"57":0,"58":0,"59":0,"60":0,"61":0,"62":0,"63":0,"64":0,"65":0,"66":0,"67":1},"f":{"0":0,"1":0,"2":0,"3":0,"4":0,"5":0,"6":0,"7":0},"b":{"0":[0],"1":[0,0],"2":[0,0],"3":[0,0],"4":[0,0],"5":[0,0,0,0,0],"6":[0,0],"7":[0,0],"8":[0,0],"9":[0,0],"10":[0,0],"11":[0,0],"12":[0,0],"13":[0,0]}}
,"C:\\Users\\Bradley\\Projects\\Bedrock.js\\src\\network\\raknet\\IncompatibleProtocol.ts": {"path":"C:\\Users\\Bradley\\Projects\\Bedrock.js\\src\\network\\raknet\\IncompatibleProtocol.ts","statementMap":{"0":{"start":{"line":1,"column":0},"end":{"line":1,"column":36}},"1":{"start":{"line":2,"column":0},"end":{"line":2,"column":47}},"2":{"start":{"line":7,"column":4},"end":{"line":7,"column":41}},"3":{"start":{"line":11,"column":4},"end":{"line":14,"column":36}},"4":{"start":{"line":4,"column":0},"end":{"line":17,"column":1}}},"fnMap":{"0":{"name":"(anonymous_1)","decl":{"start":{"line":6,"column":2},"end":{"line":null,"column":-1}},"loc":{"start":{"line":6,"column":2},"end":{"line":8,"column":3}}},"1":{"name":"(anonymous_2)","decl":{"start":{"line":10,"column":12},"end":{"line":10,"column":21}},"loc":{"start":{"line":10,"column":22},"end":{"line":15,"column":3}}}},"branchMap":{},"s":{"0":1,"1":1,"2":0,"3":0,"4":1},"f":{"0":0,"1":0},"b":{}}
,"C:\\Users\\Bradley\\Projects\\Bedrock.js\\src\\network\\raknet\\NAK.ts": {"path":"C:\\Users\\Bradley\\Projects\\Bedrock.js\\src\\network\\raknet\\NAK.ts","statementMap":{"0":{"start":{"line":1,"column":0},"end":{"line":1,"column":47}},"1":{"start":{"line":3,"column":0},"end":{"line":3,"column":50}},"2":{"start":{"line":8,"column":4},"end":{"line":8,"column":31}},"3":{"start":{"line":5,"column":0},"end":{"line":11,"column":1}}},"fnMap":{"0":{"name":"(anonymous_1)","decl":{"start":{"line":7,"column":2},"end":{"line":7,"column":13}},"loc":{"start":{"line":7,"column":35},"end":{"line":9,"column":3}}}},"branchMap":{},"s":{"0":1,"1":1,"2":0,"3":1},"f":{"0":0},"b":{}}
,"C:\\Users\\Bradley\\Projects\\Bedrock.js\\src\\network\\raknet\\OpenConnectionReplyOne.ts": {"path":"C:\\Users\\Bradley\\Projects\\Bedrock.js\\src\\network\\raknet\\OpenConnectionReplyOne.ts","statementMap":{"0":{"start":{"line":1,"column":0},"end":{"line":1,"column":36}},"1":{"start":{"line":2,"column":0},"end":{"line":2,"column":47}},"2":{"start":{"line":9,"column":4},"end":{"line":9,"column":43}},"3":{"start":{"line":11,"column":4},"end":{"line":11,"column":26}},"4":{"start":{"line":15,"column":4},"end":{"line":19,"column":31}},"5":{"start":{"line":4,"column":0},"end":{"line":22,"column":1}}},"fnMap":{"0":{"name":"(anonymous_1)","decl":{"start":{"line":8,"column":2},"end":{"line":8,"column":13}},"loc":{"start":{"line":8,"column":29},"end":{"line":12,"column":3}}},"1":{"name":"(anonymous_2)","decl":{"start":{"line":14,"column":12},"end":{"line":14,"column":21}},"loc":{"start":{"line":14,"column":22},"end":{"line":20,"column":3}}}},"branchMap":{},"s":{"0":1,"1":1,"2":0,"3":0,"4":0,"5":1},"f":{"0":0,"1":0},"b":{}}
,"C:\\Users\\Bradley\\Projects\\Bedrock.js\\src\\network\\raknet\\OpenConnectionReplyTwo.ts": {"path":"C:\\Users\\Bradley\\Projects\\Bedrock.js\\src\\network\\raknet\\OpenConnectionReplyTwo.ts","statementMap":{"0":{"start":{"line":1,"column":0},"end":{"line":1,"column":36}},"1":{"start":{"line":2,"column":0},"end":{"line":2,"column":47}},"2":{"start":{"line":10,"column":4},"end":{"line":10,"column":43}},"3":{"start":{"line":12,"column":4},"end":{"line":12,"column":20}},"4":{"start":{"line":13,"column":4},"end":{"line":13,"column":26}},"5":{"start":{"line":17,"column":4},"end":{"line":22,"column":19}},"6":{"start":{"line":4,"column":0},"end":{"line":25,"column":1}}},"fnMap":{"0":{"name":"(anonymous_1)","decl":{"start":{"line":9,"column":2},"end":{"line":9,"column":13}},"loc":{"start":{"line":9,"column":43},"end":{"line":14,"column":3}}},"1":{"name":"(anonymous_2)","decl":{"start":{"line":16,"column":12},"end":{"line":16,"column":21}},"loc":{"start":{"line":16,"column":22},"end":{"line":23,"column":3}}}},"branchMap":{},"s":{"0":1,"1":1,"2":0,"3":0,"4":0,"5":0,"6":1},"f":{"0":0,"1":0},"b":{}}
,"C:\\Users\\Bradley\\Projects\\Bedrock.js\\src\\network\\raknet\\OpenConnectionRequestOne.ts": {"path":"C:\\Users\\Bradley\\Projects\\Bedrock.js\\src\\network\\raknet\\OpenConnectionRequestOne.ts","statementMap":{"0":{"start":{"line":1,"column":0},"end":{"line":1,"column":36}},"1":{"start":{"line":2,"column":0},"end":{"line":2,"column":47}},"2":{"start":{"line":11,"column":4},"end":{"line":11,"column":53}},"3":{"start":{"line":13,"column":4},"end":{"line":13,"column":32}},"4":{"start":{"line":14,"column":4},"end":{"line":14,"column":47}},"5":{"start":{"line":15,"column":4},"end":{"line":15,"column":47}},"6":{"start":{"line":5,"column":0},"end":{"line":18,"column":1}}},"fnMap":{"0":{"name":"(anonymous_1)","decl":{"start":{"line":10,"column":2},"end":{"line":10,"column":13}},"loc":{"start":{"line":10,"column":34},"end":{"line":16,"column":3}}}},"branchMap":{},"s":{"0":1,"1":1,"2":0,"3":0,"4":0,"5":0,"6":1},"f":{"0":0},"b":{}}
,"C:\\Users\\Bradley\\Projects\\Bedrock.js\\src\\network\\raknet\\OpenConnectionRequestTwo.ts": {"path":"C:\\Users\\Bradley\\Projects\\Bedrock.js\\src\\network\\raknet\\OpenConnectionRequestTwo.ts","statementMap":{"0":{"start":{"line":1,"column":0},"end":{"line":1,"column":36}},"1":{"start":{"line":2,"column":0},"end":{"line":2,"column":47}},"2":{"start":{"line":12,"column":4},"end":{"line":12,"column":53}},"3":{"start":{"line":14,"column":4},"end":{"line":14,"column":32}},"4":{"start":{"line":15,"column":4},"end":{"line":15,"column":44}},"5":{"start":{"line":16,"column":4},"end":{"line":16,"column":47}},"6":{"start":{"line":17,"column":4},"end":{"line":17,"column":47}},"7":{"start":{"line":5,"column":0},"end":{"line":20,"column":1}}},"fnMap":{"0":{"name":"(anonymous_1)","decl":{"start":{"line":11,"column":2},"end":{"line":11,"column":13}},"loc":{"start":{"line":11,"column":34},"end":{"line":18,"column":3}}}},"branchMap":{},"s":{"0":1,"1":1,"2":0,"3":0,"4":0,"5":0,"6":0,"7":1},"f":{"0":0},"b":{}}
,"C:\\Users\\Bradley\\Projects\\Bedrock.js\\src\\network\\raknet\\Protocol.ts": {"path":"C:\\Users\\Bradley\\Projects\\Bedrock.js\\src\\network\\raknet\\Protocol.ts","statementMap":{"0":{"start":{"line":1,"column":0},"end":{"line":38,"column":1}},"1":{"start":{"line":2,"column":2},"end":{"line":2,"column":22}},"2":{"start":{"line":3,"column":2},"end":{"line":3,"column":23}},"3":{"start":{"line":5,"column":2},"end":{"line":5,"column":22}},"4":{"start":{"line":6,"column":2},"end":{"line":6,"column":30}},"5":{"start":{"line":7,"column":2},"end":{"line":7,"column":23}},"6":{"start":{"line":8,"column":2},"end":{"line":8,"column":34}},"7":{"start":{"line":9,"column":2},"end":{"line":9,"column":32}},"8":{"start":{"line":10,"column":2},"end":{"line":10,"column":34}},"9":{"start":{"line":11,"column":2},"end":{"line":11,"column":32}},"10":{"start":{"line":12,"column":2},"end":{"line":12,"column":27}},"11":{"start":{"line":13,"column":2},"end":{"line":13,"column":36}},"12":{"start":{"line":14,"column":2},"end":{"line":14,"column":35}},"13":{"start":{"line":15,"column":2},"end":{"line":15,"column":30}},"14":{"start":{"line":16,"column":2},"end":{"line":16,"column":25}},"15":{"start":{"line":17,"column":2},"end":{"line":17,"column":25}},"16":{"start":{"line":19,"column":2},"end":{"line":19,"column":12}},"17":{"start":{"line":20,"column":2},"end":{"line":20,"column":12}},"18":{"start":{"line":22,"column":2},"end":{"line":22,"column":22}},"19":{"start":{"line":23,"column":2},"end":{"line":23,"column":22}},"20":{"start":{"line":24,"column":2},"end":{"line":24,"column":22}},"21":{"start":{"line":25,"column":2},"end":{"line":25,"column":22}},"22":{"start":{"line":26,"column":2},"end":{"line":26,"column":22}},"23":{"start":{"line":27,"column":2},"end":{"line":27,"column":22}},"24":{"start":{"line":28,"column":2},"end":{"line":28,"column":22}},"25":{"start":{"line":29,"column":2},"end":{"line":29,"column":22}},"26":{"start":{"line":30,"column":2},"end":{"line":30,"column":22}},"27":{"start":{"line":31,"column":2},"end":{"line":31,"column":22}},"28":{"start":{"line":32,"column":2},"end":{"line":32,"column":22}},"29":{"start":{"line":33,"column":2},"end":{"line":33,"column":22}},"30":{"start":{"line":34,"column":2},"end":{"line":34,"column":22}},"31":{"start":{"line":35,"column":2},"end":{"line":35,"column":22}},"32":{"start":{"line":36,"column":2},"end":{"line":36,"column":22}},"33":{"start":{"line":37,"column":2},"end":{"line":37,"column":22}},"34":{"start":{"line":40,"column":13},"end":{"line":40,"column":87}},"35":{"start":{"line":42,"column":0},"end":{"line":42,"column":23}}},"fnMap":{"0":{"name":"(anonymous_0)","decl":{"start":{"line":1,"column":0},"end":{"line":1,"column":4}},"loc":{"start":{"line":1,"column":13},"end":{"line":38,"column":1}}}},"branchMap":{"0":{"loc":{"start":{"line":1,"column":5},"end":{"line":1,"column":13}},"type":"binary-expr","locations":[{"start":{"line":1,"column":5},"end":{"line":1,"column":13}},{"start":{"line":1,"column":5},"end":{"line":1,"column":13}}]}},"s":{"0":1,"1":1,"2":1,"3":1,"4":1,"5":1,"6":1,"7":1,"8":1,"9":1,"10":1,"11":1,"12":1,"13":1,"14":1,"15":1,"16":1,"17":1,"18":1,"19":1,"20":1,"21":1,"22":1,"23":1,"24":1,"25":1,"26":1,"27":1,"28":1,"29":1,"30":1,"31":1,"32":1,"33":1,"34":1,"35":1},"f":{"0":1},"b":{"0":[1,1]}}
,"C:\\Users\\Bradley\\Projects\\Bedrock.js\\src\\network\\raknet\\Reliability.ts": {"path":"C:\\Users\\Bradley\\Projects\\Bedrock.js\\src\\network\\raknet\\Reliability.ts","statementMap":{"0":{"start":{"line":1,"column":0},"end":{"line":10,"column":1}},"1":{"start":{"line":2,"column":2},"end":{"line":2,"column":16}},"2":{"start":{"line":3,"column":2},"end":{"line":3,"column":25}},"3":{"start":{"line":4,"column":2},"end":{"line":4,"column":14}},"4":{"start":{"line":5,"column":2},"end":{"line":5,"column":21}},"5":{"start":{"line":6,"column":2},"end":{"line":6,"column":23}},"6":{"start":{"line":7,"column":2},"end":{"line":7,"column":19}},"7":{"start":{"line":8,"column":2},"end":{"line":8,"column":17}},"8":{"start":{"line":9,"column":2},"end":{"line":9,"column":24}},"9":{"start":{"line":12,"column":0},"end":{"line":12,"column":26}}},"fnMap":{"0":{"name":"(anonymous_0)","decl":{"start":{"line":1,"column":0},"end":{"line":1,"column":4}},"loc":{"start":{"line":1,"column":16},"end":{"line":10,"column":1}}}},"branchMap":{"0":{"loc":{"start":{"line":1,"column":5},"end":{"line":1,"column":16}},"type":"binary-expr","locations":[{"start":{"line":1,"column":5},"end":{"line":1,"column":16}},{"start":{"line":1,"column":5},"end":{"line":1,"column":16}}]}},"s":{"0":1,"1":1,"2":1,"3":1,"4":1,"5":1,"6":1,"7":1,"8":1,"9":1},"f":{"0":1},"b":{"0":[1,1]}}
,"C:\\Users\\Bradley\\Projects\\Bedrock.js\\src\\network\\raknet\\UnconnectedPing.ts": {"path":"C:\\Users\\Bradley\\Projects\\Bedrock.js\\src\\network\\raknet\\UnconnectedPing.ts","statementMap":{"0":{"start":{"line":1,"column":0},"end":{"line":1,"column":36}},"1":{"start":{"line":2,"column":0},"end":{"line":2,"column":47}},"2":{"start":{"line":10,"column":4},"end":{"line":10,"column":44}},"3":{"start":{"line":12,"column":4},"end":{"line":12,"column":45}},"4":{"start":{"line":5,"column":0},"end":{"line":15,"column":1}}},"fnMap":{"0":{"name":"(anonymous_1)","decl":{"start":{"line":9,"column":2},"end":{"line":9,"column":13}},"loc":{"start":{"line":9,"column":34},"end":{"line":13,"column":3}}}},"branchMap":{},"s":{"0":1,"1":1,"2":0,"3":0,"4":1},"f":{"0":0},"b":{}}
,"C:\\Users\\Bradley\\Projects\\Bedrock.js\\src\\network\\raknet\\UnconnectedPong.ts": {"path":"C:\\Users\\Bradley\\Projects\\Bedrock.js\\src\\network\\raknet\\UnconnectedPong.ts","statementMap":{"0":{"start":{"line":1,"column":0},"end":{"line":1,"column":36}},"1":{"start":{"line":2,"column":0},"end":{"line":2,"column":47}},"2":{"start":{"line":12,"column":4},"end":{"line":12,"column":36}},"3":{"start":{"line":14,"column":4},"end":{"line":14,"column":24}},"4":{"start":{"line":15,"column":4},"end":{"line":15,"column":20}},"5":{"start":{"line":16,"column":4},"end":{"line":16,"column":32}},"6":{"start":{"line":17,"column":4},"end":{"line":17,"column":38}},"7":{"start":{"line":21,"column":17},"end":{"line":21,"column":90}},"8":{"start":{"line":23,"column":4},"end":{"line":28,"column":24}},"9":{"start":{"line":4,"column":0},"end":{"line":31,"column":1}}},"fnMap":{"0":{"name":"(anonymous_1)","decl":{"start":{"line":11,"column":2},"end":{"line":11,"column":13}},"loc":{"start":{"line":11,"column":92},"end":{"line":18,"column":3}}},"1":{"name":"(anonymous_2)","decl":{"start":{"line":20,"column":12},"end":{"line":20,"column":21}},"loc":{"start":{"line":20,"column":22},"end":{"line":29,"column":3}}}},"branchMap":{"0":{"loc":{"start":{"line":11,"column":80},"end":{"line":11,"column":92}},"type":"default-arg","locations":[{"start":{"line":11,"column":80},"end":{"line":11,"column":92}}]}},"s":{"0":1,"1":1,"2":0,"3":0,"4":0,"5":0,"6":0,"7":0,"8":0,"9":1},"f":{"0":0,"1":0},"b":{"0":[0]}}
,"C:\\Users\\Bradley\\Projects\\Bedrock.js\\src\\utils\\Address.ts": {"path":"C:\\Users\\Bradley\\Projects\\Bedrock.js\\src\\utils\\Address.ts","statementMap":{"0":{"start":{"line":1,"column":0},"end":{"line":4,"column":1}},"1":{"start":{"line":2,"column":2},"end":{"line":2,"column":10}},"2":{"start":{"line":3,"column":2},"end":{"line":3,"column":10}}},"fnMap":{"0":{"name":"(anonymous_0)","decl":{"start":{"line":1,"column":0},"end":{"line":1,"column":11}},"loc":{"start":{"line":1,"column":25},"end":{"line":4,"column":1}}}},"branchMap":{"0":{"loc":{"start":{"line":1,"column":12},"end":{"line":1,"column":25}},"type":"binary-expr","locations":[{"start":{"line":1,"column":12},"end":{"line":1,"column":25}},{"start":{"line":1,"column":12},"end":{"line":1,"column":25}}]}},"s":{"0":1,"1":1,"2":1},"f":{"0":1},"b":{"0":[1,1]}}
,"C:\\Users\\Bradley\\Projects\\Bedrock.js\\src\\utils\\BinaryStream.ts": {"path":"C:\\Users\\Bradley\\Projects\\Bedrock.js\\src\\utils\\BinaryStream.ts","statementMap":{"0":{"start":{"line":1,"column":0},"end":{"line":1,"column":48}},"1":{"start":{"line":2,"column":0},"end":{"line":2,"column":54}},"2":{"start":{"line":3,"column":0},"end":{"line":3,"column":34}},"3":{"start":{"line":13,"column":4},"end":{"line":13,"column":33}},"4":{"start":{"line":14,"column":4},"end":{"line":14,"column":19}},"5":{"start":{"line":16,"column":4},"end":{"line":16,"column":44}},"6":{"start":{"line":18,"column":4},"end":{"line":21,"column":5}},"7":{"start":{"line":19,"column":6},"end":{"line":19,"column":25}},"8":{"start":{"line":20,"column":6},"end":{"line":20,"column":21}},"9":{"start":{"line":31,"column":4},"end":{"line":31,"column":73}},"10":{"start":{"line":35,"column":4},"end":{"line":35,"column":33}},"11":{"start":{"line":36,"column":4},"end":{"line":36,"column":19}},"12":{"start":{"line":40,"column":4},"end":{"line":40,"column":24}},"13":{"start":{"line":41,"column":4},"end":{"line":41,"column":24}},"14":{"start":{"line":45,"column":4},"end":{"line":45,"column":71}},"15":{"start":{"line":49,"column":4},"end":{"line":51,"column":5}},"16":{"start":{"line":50,"column":6},"end":{"line":50,"column":36}},"17":{"start":{"line":53,"column":4},"end":{"line":55,"column":5}},"18":{"start":{"line":54,"column":6},"end":{"line":54,"column":35}},"19":{"start":{"line":57,"column":4},"end":{"line":57,"column":84}},"20":{"start":{"line":58,"column":4},"end":{"line":58,"column":29}},"21":{"start":{"line":60,"column":4},"end":{"line":60,"column":15}},"22":{"start":{"line":64,"column":4},"end":{"line":64,"column":22}},"23":{"start":{"line":68,"column":4},"end":{"line":68,"column":22}},"24":{"start":{"line":72,"column":4},"end":{"line":72,"column":29}},"25":{"start":{"line":82,"column":4},"end":{"line":82,"column":43}},"26":{"start":{"line":86,"column":16},"end":{"line":86,"column":46}},"27":{"start":{"line":87,"column":4},"end":{"line":87,"column":36}},"28":{"start":{"line":88,"column":4},"end":{"line":88,"column":14}},"29":{"start":{"line":92,"column":4},"end":{"line":92,"column":35}},"30":{"start":{"line":96,"column":4},"end":{"line":96,"column":38}},"31":{"start":{"line":97,"column":4},"end":{"line":97,"column":15}},"32":{"start":{"line":101,"column":4},"end":{"line":101,"column":51}},"33":{"start":{"line":105,"column":4},"end":{"line":105,"column":40}},"34":{"start":{"line":107,"column":4},"end":{"line":107,"column":15}},"35":{"start":{"line":111,"column":4},"end":{"line":111,"column":59}},"36":{"start":{"line":115,"column":16},"end":{"line":115,"column":31}},"37":{"start":{"line":116,"column":4},"end":{"line":116,"column":27}},"38":{"start":{"line":117,"column":4},"end":{"line":117,"column":20}},"39":{"start":{"line":119,"column":4},"end":{"line":119,"column":15}},"40":{"start":{"line":123,"column":4},"end":{"line":123,"column":58}},"41":{"start":{"line":127,"column":16},"end":{"line":127,"column":31}},"42":{"start":{"line":128,"column":4},"end":{"line":128,"column":26}},"43":{"start":{"line":129,"column":4},"end":{"line":129,"column":20}},"44":{"start":{"line":131,"column":4},"end":{"line":131,"column":15}},"45":{"start":{"line":135,"column":4},"end":{"line":135,"column":59}},"46":{"start":{"line":139,"column":16},"end":{"line":139,"column":31}},"47":{"start":{"line":140,"column":4},"end":{"line":140,"column":27}},"48":{"start":{"line":141,"column":4},"end":{"line":141,"column":20}},"49":{"start":{"line":143,"column":4},"end":{"line":143,"column":15}},"50":{"start":{"line":147,"column":4},"end":{"line":147,"column":58}},"51":{"start":{"line":151,"column":16},"end":{"line":151,"column":31}},"52":{"start":{"line":152,"column":4},"end":{"line":152,"column":26}},"53":{"start":{"line":153,"column":4},"end":{"line":153,"column":20}},"54":{"start":{"line":155,"column":4},"end":{"line":155,"column":15}},"55":{"start":{"line":159,"column":4},"end":{"line":159,"column":60}},"56":{"start":{"line":163,"column":16},"end":{"line":163,"column":31}},"57":{"start":{"line":164,"column":4},"end":{"line":164,"column":28}},"58":{"start":{"line":165,"column":4},"end":{"line":165,"column":20}},"59":{"start":{"line":167,"column":4},"end":{"line":167,"column":15}},"60":{"start":{"line":171,"column":4},"end":{"line":171,"column":60}},"61":{"start":{"line":175,"column":16},"end":{"line":175,"column":31}},"62":{"start":{"line":176,"column":4},"end":{"line":176,"column":28}},"63":{"start":{"line":177,"column":4},"end":{"line":177,"column":20}},"64":{"start":{"line":179,"column":4},"end":{"line":179,"column":15}},"65":{"start":{"line":183,"column":4},"end":{"line":183,"column":58}},"66":{"start":{"line":187,"column":16},"end":{"line":187,"column":31}},"67":{"start":{"line":188,"column":4},"end":{"line":188,"column":26}},"68":{"start":{"line":189,"column":4},"end":{"line":189,"column":20}},"69":{"start":{"line":191,"column":4},"end":{"line":191,"column":15}},"70":{"start":{"line":195,"column":4},"end":{"line":195,"column":58}},"71":{"start":{"line":199,"column":16},"end":{"line":199,"column":31}},"72":{"start":{"line":200,"column":4},"
[...]
,"decl":{"start":{"line":158,"column":9},"end":{"line":158,"column":17}},"loc":{"start":{"line":158,"column":18},"end":{"line":160,"column":3}}},"24":{"name":"(anonymous_25)","decl":{"start":{"line":162,"column":9},"end":{"line":162,"column":18}},"loc":{"start":{"line":162,"column":29},"end":{"line":168,"column":3}}},"25":{"name":"(anonymous_26)","decl":{"start":{"line":170,"column":9},"end":{"line":170,"column":18}},"loc":{"start":{"line":170,"column":19},"end":{"line":172,"column":3}}},"26":{"name":"(anonymous_27)","decl":{"start":{"line":174,"column":9},"end":{"line":174,"column":19}},"loc":{"start":{"line":174,"column":30},"end":{"line":180,"column":3}}},"27":{"name":"(anonymous_28)","decl":{"start":{"line":182,"column":9},"end":{"line":182,"column":15}},"loc":{"start":{"line":182,"column":16},"end":{"line":184,"column":3}}},"28":{"name":"(anonymous_29)","decl":{"start":{"line":186,"column":9},"end":{"line":186,"column":16}},"loc":{"start":{"line":186,"column":27},"end":{"line":192,"column":3}}},"29":{"name":"(anonymous_30)","decl":{"start":{"line":194,"column":9},"end":{"line":194,"column":16}},"loc":{"start":{"line":194,"column":17},"end":{"line":196,"column":3}}},"30":{"name":"(anonymous_31)","decl":{"start":{"line":198,"column":9},"end":{"line":198,"column":17}},"loc":{"start":{"line":198,"column":28},"end":{"line":204,"column":3}}},"31":{"name":"(anonymous_32)","decl":{"start":{"line":206,"column":9},"end":{"line":206,"column":17}},"loc":{"start":{"line":206,"column":18},"end":{"line":208,"column":3}}},"32":{"name":"(anonymous_33)","decl":{"start":{"line":210,"column":9},"end":{"line":210,"column":24}},"loc":{"start":{"line":210,"column":42},"end":{"line":212,"column":3}}},"33":{"name":"(anonymous_34)","decl":{"start":{"line":214,"column":9},"end":{"line":214,"column":18}},"loc":{"start":{"line":214,"column":29},"end":{"line":220,"column":3}}},"34":{"name":"(anonymous_35)","decl":{"start":{"line":222,"column":9},"end":{"line":222,"column":18}},"loc":{"start":{"line":222,"column":19},"end":{"line":224,"column":3}}},"35":{"name":"(anonymous_36)","decl":{"start":{"line":226,"column":9},"end":{"line":226,"column":25}},"loc":{"start":{"line":226,"column":43},"end":{"line":228,"column":3}}},"36":{"name":"(anonymous_37)","decl":{"start":{"line":230,"column":9},"end":{"line":230,"column":19}},"loc":{"start":{"line":230,"column":30},"end":{"line":236,"column":3}}},"37":{"name":"(anonymous_38)","decl":{"start":{"line":238,"column":9},"end":{"line":238,"column":18}},"loc":{"start":{"line":238,"column":19},"end":{"line":240,"column":3}}},"38":{"name":"(anonymous_39)","decl":{"start":{"line":242,"column":9},"end":{"line":242,"column":19}},"loc":{"start":{"line":242,"column":30},"end":{"line":248,"column":3}}},"39":{"name":"(anonymous_40)","decl":{"start":{"line":250,"column":9},"end":{"line":250,"column":19}},"loc":{"start":{"line":250,"column":20},"end":{"line":252,"column":3}}},"40":{"name":"(anonymous_41)","decl":{"start":{"line":254,"column":9},"end":{"line":254,"column":20}},"loc":{"start":{"line":254,"column":31},"end":{"line":260,"column":3}}},"41":{"name":"(anonymous_42)","decl":{"start":{"line":262,"column":9},"end":{"line":262,"column":16}},"loc":{"start":{"line":262,"column":17},"end":{"line":264,"column":3}}},"42":{"name":"(anonymous_43)","decl":{"start":{"line":266,"column":9},"end":{"line":266,"column":17}},"loc":{"start":{"line":266,"column":28},"end":{"line":275,"column":3}}},"43":{"name":"(anonymous_44)","decl":{"start":{"line":277,"column":9},"end":{"line":277,"column":17}},"loc":{"start":{"line":277,"column":18},"end":{"line":279,"column":3}}},"44":{"name":"(anonymous_45)","decl":{"start":{"line":281,"column":9},"end":{"line":281,"column":18}},"loc":{"start":{"line":281,"column":29},"end":{"line":290,"column":3}}},"45":{"name":"(anonymous_46)","decl":{"start":{"line":292,"column":9},"end":{"line":292,"column":26}},"loc":{"start":{"line":292,"column":27},"end":{"line":305,"column":3}}},"46":{"name":"(anonymous_47)","decl":{"start":{"line":307,"column":9},"end":{"line":307,"column":27}},"loc":{"start":{"line":307,"column":38},"end":{"line":323,"column":3}}},"47":{"name":"(anonymous_48)","decl":{"start":{"line":325,"column":9},"end":{"line":325,"column":18}},"loc":{"start":{"line":325,"column":19},"end":{"line":329,"column":3}}},"48":{"name":"(anonymous_49)","decl":{"start":{"line":331,"column":9},"end":{"line":331,"column":19}},"loc":{"start":{"line":331,"column":30},"end":{"line":334,"column":3}}},"49":{"name":"(anonymous_50)","decl":{"start":{"line":336,"column":9},"end":{"line":336,"column":27}},"loc":{"start":{"line":336,"column":28},"end":{"line":347,"column":3}}},"50":{"name":"(anonymous_51)","decl":{"start":{"line":349,"column":9},"end":{"line":349,"column":28}},"loc":{"start":{"line":349,"column":39},"end":{"line":361,"column":3}}},"51":{"name":"(anonymous_52)","decl":{"start":{"line":363,"column":9},"end":{"line":363,"column":19}},"loc":{"start":{"line":363,"column":20},"end":{"line":367,"column":3}}},"52":{"name":"(anonymous_53)","decl":{"start":{"line":369,"column":9},"end":{"line":369,"column":20}},"loc":{"start":{"line":369,"column":31},"end":{"line":371,"column":3}}},"53":{"name":"(anonymous_54)","decl":{"start":{"line":373,"column":9},"end":{"line":373,"column":12}},"loc":{"start":{"line":373,"column":13},"end":{"line":375,"column":3}}},"54":{"name":"(anonymous_55)","decl":{"start":{"line":377,"column":9},"end":{"line":377,"column":19}},"loc":{"start":{"line":377,"column":20},"end":{"line":392,"column":3}}},"55":{"name":"(anonymous_56)","decl":{"start":{"line":394,"column":9},"end":{"line":394,"column":20}},"loc":{"start":{"line":394,"column":38},"end":{"line":408,"column":3}}},"56":{"name":"(anonymous_57)","decl":{"start":{"line":398,"column":41},"end":{"line":398,"column":42}},"loc":{"start":{"line":398,"column":46},"end":{"line":398,"column":80}}},"57":{"name":"(anonymous_58)","decl":{"start":{"line":410,"column":9},"end":{"line":410,"column":19}},"loc":{"start":{"line":410,"column":30},"end":{"line":413,"column":3}}},"58":{"name":"(anonymous_59)","decl":{"start":{"line":415,"column":9},"end":{"line":415,"column":17}},"loc":{"start":{"line":415,"column":18},"end":{"line":417,"column":3}}},"59":{"name":"(anonymous_60)","decl":{"start":{"line":419,"column":9},"end":{"line":419,"column":18}},"loc":{"start":{"line":419,"column":19},"end":{"line":422,"column":3}}},"60":{"name":"(anonymous_61)","decl":{"start":{"line":424,"column":9},"end":{"line":424,"column":12}},"loc":{"start":{"line":424,"column":13},"end":{"line":427,"column":3}}},"61":{"name":"(anonymous_62)","decl":{"start":{"line":429,"column":9},"end":{"line":429,"column":13}},"loc":{"start":{"line":429,"column":38},"end":{"line":432,"column":3}}},"62":{"name":"(anonymous_63)","decl":{"start":{"line":431,"column":45},"end":{"line":431,"column":46}},"loc":{"start":{"line":431,"column":50},"end":{"line":431,"column":58}}}},"branchMap":{"0":{"loc":{"start":{"line":18,"column":4},"end":{"line":21,"column":5}},"type":"if","locations":[{"start":{"line":18,"column":4},"end":{"line":21,"column":5}},{"start":{"line":18,"column":4},"end":{"line":21,"column":5}}]},"1":{"loc":{"start":{"line":39,"column":36},"end":{"line":39,"column":51}},"type":"default-arg","locations":[{"start":{"line":39,"column":36},"end":{"line":39,"column":51}}]},"2":{"loc":{"start":{"line":39,"column":70},"end":{"line":39,"column":71}},"type":"default-arg","locations":[{"start":{"line":39,"column":70},"end":{"line":39,"column":71}}]},"3":{"loc":{"start":{"line":44,"column":50},"end":{"line":44,"column":55}},"type":"default-arg","locations":[{"start":{"line":44,"column":50},"end":{"line":44,"column":55}}]},"4":{"loc":{"start":{"line":45,"column":28},"end":{"line":45,"column":44}},"type":"cond-expr","locations":[{"start":{"line":45,"column":28},"end":{"line":45,"column":44}},{"start":{"line":45,"column":48},"end":{"line":45,"column":70}}]},"5":{"loc":{"start":{"line":49,"column":4},"end":{"line":51,"column":5}},"type":"if","locations":[{"start":{"line":49,"column":4},"end":{"line":51,"column":5}},{"start":{"line":49,"column":4},"end":{"line":51,"column":5}}]},"6":{"loc":{"start":{"line":53,"column":4},"end":{"line":55,"column":5}},"type":"if","locations":[{"start":{"line":53,"column":4},"end":{"line":55,"column":5}},{"start":{"line":53,"column":4},"end":{"line":55,"column":5}}]},"7":{"loc":{"start":{"line":96,"column":32},"end":{"line":96,"column":33}},"type":"cond-expr","locations":[{"start":{"line":96,"column":32},"end":{"line":96,"column":33}},{"start":{"line":96,"column":36},"end":{"line":96,"column":37}}]},"8":{"loc":{"start":{"line":299,"column":6},"end":{"line":301,"column":7}},"type":"if","locations":[{"start":{"line":299,"column":6},"end":{"line":301,"column":7}},{"start":{"line":299,"column":6},"end":{"line":301,"column":7}}]},"9":{"loc":{"start":{"line":311,"column":6},"end":{"line":316,"column":7}},"type":"if","locations":[{"start":{"line":311,"column":6},"end":{"line":316,"column":7}},{"start":{"line":311,"column":6},"end":{"line":316,"column":7}}]},"10":{"loc":{"start":{"line":342,"column":6},"end":{"line":344,"column":7}},"type":"if","locations":[{"start":{"line":342,"column":6},"end":{"line":344,"column":7}},{"start":{"line":342,"column":6},"end":{"line":344,"column":7}}]},"11":{"loc":{"start":{"line":351,"column":6},"end":{"line":356,"column":7}},"type":"if","locations":[{"start":{"line":351,"column":6},"end":{"line":356,"column":7}},{"start":{"line":351,"column":6},"end":{"line":356,"column":7}}]},"12":{"loc":{"start":{"line":380,"column":6},"end":{"line":380,"column":14}},"type":"switch","locations":[{"start":{"line":380,"column":6},"end":{"line":380,"column":14}},{"start":{"line":381,"column":6},"end":{"line":389,"column":13}}]},"13":{"loc":{"start":{"line":397,"column":6},"end":{"line":400,"column":13}},"type":"switch","locations":[{"start":{"line":397,"column":6},"end":{"line":400,"column":13}},{"start":{"line":401,"column":6},"end":{"line":403,"column":13}},{"start":{"line":404,"column":6},"end":{"line":405,"column":75}}]},"14":{"loc":{"start":{"line":429,"column":33},"end":{"line":429,"column":38}},"type":"default-arg","locations":[{"start":{"line":429,"column":33},"end":{"line":429,"column":38}}]},"15":{"loc":{"start":{"line":431,"column":20},"end":{"line":431,"column":69}},"type":"cond-expr","locations":[{"start":{"line":431,"column":20},"end":{"line":431,"column":69}},{"start":{"line":431,"column":72},"end":{"line":431,"column":75}}]}},"s":{"0":1,"1":1,"2":1,"3":0,"4":0,"5":0,"6":0,"7":0,"8":0,"9":0,"10":0,"11":0,"12":0,"13":0,"14":0,"15":0,"16":0,"17":0,"18":0,"19":0,"20":0,"21":0,"22":0,"23":0,"24":0,"25":0,"26":0,"27":0,"28":0,"29":0,"30":0,"31":0,"32":0,"33":0,"34":0,"35":0,"36":0,"37":0,"38":0,"39":0,"40":0,"41":0,"42":0,"43":0,"44":0,"45":0,"46":0,"47":0,"48":0,"49":0,"50":0,"51":0,"52":0,"53":0,"54":0,"55":0,"56":0,"57":0,"58":0,"59":0,"60":0,"61":0,"62":0,"63":0,"64":0,"65":0,"66":0,"67":0,"68":0,"69":0,"70":0,"71":0,"72":0,"73":0,"74":0,"75":0,"76":0,"77":0,"78":0,"79":0,"80":0,"81":0,"82":0,"83":0,"84":0,"85":0,"86":0,"87":0,"88":0,"89":0,"90":0,"91":0,"92":0,"93":0,"94":0,"95":0,"96":0,"97":0,"98":0,"99":0,"100":0,"101":0,"102":0,"103":0,"104":0,"105":0,"106":0,"107":0,"108":0,"109":0,"110":0,"111":0,"112":0,"113":0,"114":0,"115":0,"116":0,"117":0,"118":0,"119":0,"120":0,"121":0,"122":0,"123":0,"124":0,"125":0,"126":0,"127":0,"128":0,"129":0,"130":0,"131":0,"132":0,"133":0,"134":0,"135":0,"136":0,"137":0,"138":0,"139":0,"140":0,"141":0,"142":0,"143":0,"144":0,"145":0,"146":0,"147":0,"148":0,"149":0,"150":0,"151":0,"152":0,"153":0,"154":0,"155":0,"156":0,"157":0,"158":0,"159":0,"160":0,"161":0,"162":0,"163":0,"164":0,"165":0,"166":0,"167":0,"168":0,"169":0,"170":0,"171":0,"172":0,"173":0,"174":0,"175":0,"176":0,"177":0,"178":0,"179":0,"180":1},"f":{"0":0,"1":0,"2":0,"3":0,"4":0,"5":0,"6":0,"7":0,"8":0,"9":0,"10":0,"11":0,"12":0,"13":0,"14":0,"15":0,"16":0,"17":0,"18":0,"19":0,"20":0,"21":0,"22":0,"23":0,"24":0,"25":0,"26":0,"27":0,"28":0,"29":0,"30":0,"31":0,"32":0,"33":0,"34":0,"35":0,"36":0,"37":0,"38":0,"39":0,"40":0,"41":0,"42":0,"43":0,"44":0,"45":0,"46":0,"47":0,"48":0,"49":0,"50":0,"51":0,"52":0,"53":0,"54":0,"55":0,"56":0,"57":0,"58":0,"59":0,"60":0,"61":0,"62":0},"b":{"0":[0,0],"1":[0],"2":[0],"3":[0],"4":[0,0],"5":[0,0],"6":[0,0],"7":[0,0],"8":[0,0],"9":[0,0],"10":[0,0],"11":[0,0],"12":[0,0],"13":[0,0,0],"14":[0],"15":[0,0]}}
,"C:\\Users\\Bradley\\Projects\\Bedrock.js\\src\\utils\\BitFlag.ts": {"path":"C:\\Users\\Bradley\\Projects\\Bedrock.js\\src\\utils\\BitFlag.ts","statementMap":{"0":{"start":{"line":1,"column":16},"end":{"line":8,"column":1}},"1":{"start":{"line":10,"column":0},"end":{"line":10,"column":22}}},"fnMap":{},"branchMap":{},"s":{"0":1,"1":1},"f":{},"b":{}}
,"C:\\Users\\Bradley\\Projects\\Bedrock.js\\src\\utils\\Logger.ts": {"path":"C:\\Users\\Bradley\\Projects\\Bedrock.js\\src\\utils\\Logger.ts","statementMap":{"0":{"start":{"line":1,"column":0},"end":{"line":1,"column":24}},"1":{"start":{"line":5,"column":10},"end":{"line":5,"column":43}},"2":{"start":{"line":9,"column":4},"end":{"line":9,"column":32}},"3":{"start":{"line":13,"column":4},"end":{"line":13,"column":43}},"4":{"start":{"line":17,"column":4},"end":{"line":17,"column":48}},"5":{"start":{"line":21,"column":4},"end":{"line":21,"column":47}},"6":{"start":{"line":25,"column":4},"end":{"line":25,"column":55}},"7":{"start":{"line":30,"column":4},"end":{"line":30,"column":104}},"8":{"start":{"line":3,"column":0},"end":{"line":33,"column":1}}},"fnMap":{"0":{"name":"(anonymous_1)","decl":{"start":{"line":8,"column":2},"end":{"line":8,"column":13}},"loc":{"start":{"line":8,"column":32},"end":{"line":10,"column":3}}},"1":{"name":"(anonymous_2)","decl":{"start":{"line":12,"column":9},"end":{"line":12,"column":13}},"loc":{"start":{"line":12,"column":27},"end":{"line":14,"column":3}}},"2":{"name":"(anonymous_3)","decl":{"start":{"line":16,"column":9},"end":{"line":16,"column":12}},"loc":{"start":{"line":16,"column":26},"end":{"line":18,"column":3}}},"3":{"name":"(anonymous_4)","decl":{"start":{"line":20,"column":9},"end":{"line":20,"column":13}},"loc":{"start":{"line":20,"column":27},"end":{"line":22,"column":3}}},"4":{"name":"(anonymous_5)","decl":{"start":{"line":24,"column":9},"end":{"line":24,"column":12}},"loc":{"start":{"line":24,"column":26},"end":{"line":26,"column":3}}},"5":{"name":"(anonymous_6)","decl":{"start":{"line":28,"column":10},"end":{"line":28,"column":14}},"loc":{"start":{"line":28,"column":42},"end":{"line":31,"column":3}}}},"branchMap":{},"s":{"0":1,"1":2,"2":2,"3":0,"4":0,"5":0,"6":0,"7":0,"8":1},"f":{"0":2,"1":0,"2":0,"3":0,"4":0,"5":0},"b":{}}
,"C:\\Users\\Bradley\\Projects\\Bedrock.js\\src\\utils\\Round.ts": {"path":"C:\\Users\\Bradley\\Projects\\Bedrock.js\\src\\utils\\Round.ts","statementMap":{"0":{"start":{"line":1,"column":0},"end":{"line":6,"column":1}},"1":{"start":{"line":2,"column":2},"end":{"line":2,"column":8}},"2":{"start":{"line":3,"column":2},"end":{"line":3,"column":10}},"3":{"start":{"line":4,"column":2},"end":{"line":4,"column":10}},"4":{"start":{"line":5,"column":2},"end":{"line":5,"column":9}},"5":{"start":{"line":10,"column":2},"end":{"line":10,"column":29}},"6":{"start":{"line":11,"column":2},"end":{"line":11,"column":12}},"7":{"start":{"line":13,"column":2},"end":{"line":13,"column":42}},"8":{"start":{"line":14,"column":2},"end":{"line":14,"column":34}},"9":{"start":{"line":15,"column":2},"end":{"line":15,"column":23}},"10":{"start":{"line":16,"column":2},"end":{"line":34,"column":3}},"11":{"start":{"line":17,"column":4},"end":{"line":33,"column":5}},"12":{"start":{"line":19,"column":8},"end":{"line":19,"column":37}},"13":{"start":{"line":20,"column":8},"end":{"line":20,"column":13}},"14":{"start":{"line":23,"column":8},"end":{"line":23,"column":37}},"15":{"start":{"line":24,"column":8},"end":{"line":24,"column":13}},"16":{"start":{"line":27,"column":8},"end":{"line":27,"column":33}},"17":{"start":{"line":28,"column":8},"end":{"line":28,"column":13}},"18":{"start":{"line":31,"column":8},"end":{"line":31,"column":38}},"19":{"start":{"line":32,"column":8},"end":{"line":32,"column":13}},"20":{"start":{"line":35,"column":2},"end":{"line":35,"column":51}},"21":{"start":{"line":8,"column":0},"end":{"line":36,"column":1}}},"fnMap":{"0":{"name":"(anonymous_0)","decl":{"start":{"line":1,"column":0},"end":{"line":1,"column":11}},"loc":{"start":{"line":1,"column":21},"end":{"line":6,"column":1}}},"1":{"name":"default_1","decl":{"start":{"line":8,"column":0},"end":{"line":8,"column":23}},"loc":{"start":{"line":8,"column":96},"end":{"line":36,"column":1}}}},"branchMap":{"0":{"loc":{"start":{"line":1,"column":12},"end":{"line":1,"column":21}},"type":"binary-expr","locations":[{"start":{"line":1,"column":12},"end":{"line":1,"column":21}},{"start":{"line":1,"column":12},"end":{"line":1,"column":21}}]},"1":{"loc":{"start":{"line":8,"column":59},"end":{"line":8,"column":60}},"type":"default-arg","locations":[{"start":{"line":8,"column":59},"end":{"line":8,"column":60}}]},"2":{"loc":{"start":{"line":8,"column":80},"end":{"line":8,"column":96}},"type":"default-arg","locations":[{"start":{"line":8,"column":80},"end":{"line":8,"column":96}}]},"3":{"loc":{"start":{"line":13,"column":21},"end":{"line":13,"column":22}},"type":"cond-expr","locations":[{"start":{"line":13,"column":21},"end":{"line":13,"column":22}},{"start":{"line":13,"column":25},"end":{"line":13,"column":26}}]},"4":{"loc":{"start":{"line":16,"column":2},"end":{"line":34,"column":3}},"type":"if","locations":[{"start":{"line":16,"column":2},"end":{"line":34,"column":3}},{"start":{"line":16,"column":2},"end":{"line":34,"column":3}}]},"5":{"loc":{"start":{"line":18,"column":6},"end":{"line":20,"column":13}},"type":"switch","locations":[{"start":{"line":18,"column":6},"end":{"line":20,"column":13}},{"start":{"line":21,"column":6},"end":{"line":24,"column":13}},{"start":{"line":25,"column":6},"end":{"line":28,"column":13}},{"start":{"line":29,"column":6},"end":{"line":32,"column":13}}]},"6":{"loc":{"start":{"line":19,"column":31},"end":{"line":19,"column":32}},"type":"cond-expr","locations":[{"start":{"line":19,"column":31},"end":{"line":19,"column":32}},{"start":{"line":19,"column":35},"end":{"line":19,"column":36}}]},"7":{"loc":{"start":{"line":23,"column":31},"end":{"line":23,"column":32}},"type":"cond-expr","locations":[{"start":{"line":23,"column":31},"end":{"line":23,"column":32}},{"start":{"line":23,"column":35},"end":{"line":23,"column":36}}]},"8":{"loc":{"start":{"line":31,"column":32},"end":{"line":31,"column":33}},"type":"cond-expr","locations":[{"start":{"line":31,"column":32},"end":{"line":31,"column":33}},{"start":{"line":31,"column":36},"end":{"line":31,"column":37}}]},"9":{"loc":{"start":{"line":35,"column":20},"end":{"line":35,"column":25}},"type":"cond-expr","locations":[{"start":{"line":35,"column":20},"end":{"line":35,"column":25}},{"start":{"line":35,"column":28},"end":{"line":35,"column":45}}]}},"s":{"0":1,"1":1,"2":1,"3":1,"4":1,"5":0,"6":0,"7":0,"8":0,"9":0,"10":0,"11":0,"12":0,"13":0,"14":0,"15":0,"16":0,"17":0,"18":0,"19":0,"20":0,"21":1},"f":{"0":1,"1":0},"b":{"0":[1,1],"1":[0],"2":[0],"3":[0,0],"4":[0,0],"5":[0,0,0,0],"6":[0,0],"7":[0,0],"8":[0,0],"9":[0,0]}}
,"C:\\Users\\Bradley\\Projects\\Bedrock.js\\src\\utils\\index.ts": {"path":"C:\\Users\\Bradley\\Projects\\Bedrock.js\\src\\utils\\index.ts","statementMap":{"0":{"start":{"line":1,"column":0},"end":{"line":1,"column":49}},"1":{"start":{"line":7,"column":2},"end":{"line":7,"column":15}},"2":{"start":{"line":2,"column":0},"end":{"line":2,"column":40}},"3":{"start":{"line":8,"column":2},"end":{"line":8,"column":14}},"4":{"start":{"line":3,"column":0},"end":{"line":3,"column":41}},"5":{"start":{"line":9,"column":2},"end":{"line":9,"column":7}},"6":{"start":{"line":10,"column":2},"end":{"line":10,"column":11}}},"fnMap":{},"branchMap":{},"s":{"0":1,"1":1,"2":1,"3":1,"4":1,"5":1,"6":1},"f":{},"b":{}}
}
